C:\Users\Andrei\source\repos\STP Project\Carnival.Web\wwwroot\app\security\OpenIdDictToken.js
C:\Users\Andrei\source\repos\STP Project\Carnival.Web\wwwroot\app\security\OpenIdDictToken.js.map
C:\Users\Andrei\source\repos\STP Project\Carnival.Web\wwwroot\app\security\auth.service.js
C:\Users\Andrei\source\repos\STP Project\Carnival.Web\wwwroot\app\security\auth.service.js.map
C:\Users\Andrei\source\repos\STP Project\Carnival.Web\wwwroot\app\security\auth-guard.service.js
C:\Users\Andrei\source\repos\STP Project\Carnival.Web\wwwroot\app\security\auth-guard.service.js.map
C:\Users\Andrei\source\repos\STP Project\Carnival.Web\wwwroot\app\models\testData.js
C:\Users\Andrei\source\repos\STP Project\Carnival.Web\wwwroot\app\models\testData.js.map
C:\Users\Andrei\source\repos\STP Project\Carnival.Web\wwwroot\app\services\sampleData.service.js
C:\Users\Andrei\source\repos\STP Project\Carnival.Web\wwwroot\app\services\sampleData.service.js.map
C:\Users\Andrei\source\repos\STP Project\Carnival.Web\wwwroot\app\models\viewModelResponse.js
C:\Users\Andrei\source\repos\STP Project\Carnival.Web\wwwroot\app\models\viewModelResponse.js.map
C:\Users\Andrei\source\repos\STP Project\Carnival.Web\wwwroot\app\models\errorResponse.js
C:\Users\Andrei\source\repos\STP Project\Carnival.Web\wwwroot\app\models\errorResponse.js.map
C:\Users\Andrei\source\repos\STP Project\Carnival.Web\wwwroot\app\services\ErrorMessageService.js
C:\Users\Andrei\source\repos\STP Project\Carnival.Web\wwwroot\app\services\ErrorMessageService.js.map
C:\Users\Andrei\source\repos\STP Project\Carnival.Web\wwwroot\app\about.component.js
C:\Users\Andrei\source\repos\STP Project\Carnival.Web\wwwroot\app\about.component.js.map
C:\Users\Andrei\source\repos\STP Project\Carnival.Web\wwwroot\app\index.component.js
C:\Users\Andrei\source\repos\STP Project\Carnival.Web\wwwroot\app\index.component.js.map
C:\Users\Andrei\source\repos\STP Project\Carnival.Web\wwwroot\app\contact.component.js
C:\Users\Andrei\source\repos\STP Project\Carnival.Web\wwwroot\app\contact.component.js.map
C:\Users\Andrei\source\repos\STP Project\Carnival.Web\wwwroot\app\models\LoginViewModel.js
C:\Users\Andrei\source\repos\STP Project\Carnival.Web\wwwroot\app\models\LoginViewModel.js.map
C:\Users\Andrei\source\repos\STP Project\Carnival.Web\wwwroot\app\login.component.js
C:\Users\Andrei\source\repos\STP Project\Carnival.Web\wwwroot\app\login.component.js.map
C:\Users\Andrei\source\repos\STP Project\Carnival.Web\wwwroot\app\models\RegisterViewModel.js
C:\Users\Andrei\source\repos\STP Project\Carnival.Web\wwwroot\app\models\RegisterViewModel.js.map
C:\Users\Andrei\source\repos\STP Project\Carnival.Web\wwwroot\app\register.component.js
C:\Users\Andrei\source\repos\STP Project\Carnival.Web\wwwroot\app\register.component.js.map
C:\Users\Andrei\source\repos\STP Project\Carnival.Web\wwwroot\app\models\ChangePasswordViewModel.js
C:\Users\Andrei\source\repos\STP Project\Carnival.Web\wwwroot\app\models\ChangePasswordViewModel.js.map
C:\Users\Andrei\source\repos\STP Project\Carnival.Web\wwwroot\app\changePassword.component.js
C:\Users\Andrei\source\repos\STP Project\Carnival.Web\wwwroot\app\changePassword.component.js.map
C:\Users\Andrei\source\repos\STP Project\Carnival.Web\wwwroot\app\manage.component.js
C:\Users\Andrei\source\repos\STP Project\Carnival.Web\wwwroot\app\manage.component.js.map
C:\Users\Andrei\source\repos\STP Project\Carnival.Web\wwwroot\app\app.routing.js
C:\Users\Andrei\source\repos\STP Project\Carnival.Web\wwwroot\app\app.routing.js.map
C:\Users\Andrei\source\repos\STP Project\Carnival.Web\wwwroot\app\app.component.js
C:\Users\Andrei\source\repos\STP Project\Carnival.Web\wwwroot\app\app.component.js.map
C:\Users\Andrei\source\repos\STP Project\Carnival.Web\wwwroot\app\rxjs-operators.js
C:\Users\Andrei\source\repos\STP Project\Carnival.Web\wwwroot\app\rxjs-operators.js.map
C:\Users\Andrei\source\repos\STP Project\Carnival.Web\wwwroot\app\app.module.js
C:\Users\Andrei\source\repos\STP Project\Carnival.Web\wwwroot\app\app.module.js.map
C:\Users\Andrei\source\repos\STP Project\Carnival.Web\wwwroot\main.js
C:\Users\Andrei\source\repos\STP Project\Carnival.Web\wwwroot\main.js.map
C:\Users\Andrei\source\repos\STP Project\Carnival.Web\wwwroot\app\security\OpenIdDictToken.js
C:\Users\Andrei\source\repos\STP Project\Carnival.Web\wwwroot\app\security\OpenIdDictToken.js.map
C:\Users\Andrei\source\repos\STP Project\Carnival.Web\wwwroot\app\security\auth.service.js
C:\Users\Andrei\source\repos\STP Project\Carnival.Web\wwwroot\app\security\auth.service.js.map
C:\Users\Andrei\source\repos\STP Project\Carnival.Web\wwwroot\app\security\auth-guard.service.js
C:\Users\Andrei\source\repos\STP Project\Carnival.Web\wwwroot\app\security\auth-guard.service.js.map
C:\Users\Andrei\source\repos\STP Project\Carnival.Web\wwwroot\app\models\testData.js
C:\Users\Andrei\source\repos\STP Project\Carnival.Web\wwwroot\app\models\testData.js.map
C:\Users\Andrei\source\repos\STP Project\Carnival.Web\wwwroot\app\services\sampleData.service.js
C:\Users\Andrei\source\repos\STP Project\Carnival.Web\wwwroot\app\services\sampleData.service.js.map
C:\Users\Andrei\source\repos\STP Project\Carnival.Web\wwwroot\app\models\viewModelResponse.js
C:\Users\Andrei\source\repos\STP Project\Carnival.Web\wwwroot\app\models\viewModelResponse.js.map
C:\Users\Andrei\source\repos\STP Project\Carnival.Web\wwwroot\app\models\errorResponse.js
C:\Users\Andrei\source\repos\STP Project\Carnival.Web\wwwroot\app\models\errorResponse.js.map
C:\Users\Andrei\source\repos\STP Project\Carnival.Web\wwwroot\app\services\ErrorMessageService.js
C:\Users\Andrei\source\repos\STP Project\Carnival.Web\wwwroot\app\services\ErrorMessageService.js.map
C:\Users\Andrei\source\repos\STP Project\Carnival.Web\wwwroot\app\about.component.js
C:\Users\Andrei\source\repos\STP Project\Carnival.Web\wwwroot\app\about.component.js.map
C:\Users\Andrei\source\repos\STP Project\Carnival.Web\wwwroot\app\index.component.js
C:\Users\Andrei\source\repos\STP Project\Carnival.Web\wwwroot\app\index.component.js.map
C:\Users\Andrei\source\repos\STP Project\Carnival.Web\wwwroot\app\contact.component.js
C:\Users\Andrei\source\repos\STP Project\Carnival.Web\wwwroot\app\contact.component.js.map
C:\Users\Andrei\source\repos\STP Project\Carnival.Web\wwwroot\app\models\LoginViewModel.js
C:\Users\Andrei\source\repos\STP Project\Carnival.Web\wwwroot\app\models\LoginViewModel.js.map
C:\Users\Andrei\source\repos\STP Project\Carnival.Web\wwwroot\app\login.component.js
C:\Users\Andrei\source\repos\STP Project\Carnival.Web\wwwroot\app\login.component.js.map
C:\Users\Andrei\source\repos\STP Project\Carnival.Web\wwwroot\app\models\RegisterViewModel.js
C:\Users\Andrei\source\repos\STP Project\Carnival.Web\wwwroot\app\models\RegisterViewModel.js.map
C:\Users\Andrei\source\repos\STP Project\Carnival.Web\wwwroot\app\register.component.js
C:\Users\Andrei\source\repos\STP Project\Carnival.Web\wwwroot\app\register.component.js.map
C:\Users\Andrei\source\repos\STP Project\Carnival.Web\wwwroot\app\models\ChangePasswordViewModel.js
C:\Users\Andrei\source\repos\STP Project\Carnival.Web\wwwroot\app\models\ChangePasswordViewModel.js.map
C:\Users\Andrei\source\repos\STP Project\Carnival.Web\wwwroot\app\changePassword.component.js
C:\Users\Andrei\source\repos\STP Project\Carnival.Web\wwwroot\app\changePassword.component.js.map
C:\Users\Andrei\source\repos\STP Project\Carnival.Web\wwwroot\app\manage.component.js
C:\Users\Andrei\source\repos\STP Project\Carnival.Web\wwwroot\app\manage.component.js.map
C:\Users\Andrei\source\repos\STP Project\Carnival.Web\wwwroot\app\app.routing.js
C:\Users\Andrei\source\repos\STP Project\Carnival.Web\wwwroot\app\app.routing.js.map
C:\Users\Andrei\source\repos\STP Project\Carnival.Web\wwwroot\app\app.component.js
C:\Users\Andrei\source\repos\STP Project\Carnival.Web\wwwroot\app\app.component.js.map
C:\Users\Andrei\source\repos\STP Project\Carnival.Web\wwwroot\app\rxjs-operators.js
C:\Users\Andrei\source\repos\STP Project\Carnival.Web\wwwroot\app\rxjs-operators.js.map
C:\Users\Andrei\source\repos\STP Project\Carnival.Web\wwwroot\app\app.module.js
C:\Users\Andrei\source\repos\STP Project\Carnival.Web\wwwroot\app\app.module.js.map
C:\Users\Andrei\source\repos\STP Project\Carnival.Web\wwwroot\main.js
C:\Users\Andrei\source\repos\STP Project\Carnival.Web\wwwroot\main.js.map
C:\Users\Andrei\source\repos\STP Project\Carnival.Web\wwwroot\app\security\OpenIdDictToken.js
C:\Users\Andrei\source\repos\STP Project\Carnival.Web\wwwroot\app\security\OpenIdDictToken.js.map
C:\Users\Andrei\source\repos\STP Project\Carnival.Web\wwwroot\app\security\auth.service.js
C:\Users\Andrei\source\repos\STP Project\Carnival.Web\wwwroot\app\security\auth.service.js.map
C:\Users\Andrei\source\repos\STP Project\Carnival.Web\wwwroot\app\security\auth-guard.service.js
C:\Users\Andrei\source\repos\STP Project\Carnival.Web\wwwroot\app\security\auth-guard.service.js.map
C:\Users\Andrei\source\repos\STP Project\Carnival.Web\wwwroot\app\models\testData.js
C:\Users\Andrei\source\repos\STP Project\Carnival.Web\wwwroot\app\models\testData.js.map
C:\Users\Andrei\source\repos\STP Project\Carnival.Web\wwwroot\app\services\sampleData.service.js
C:\Users\Andrei\source\repos\STP Project\Carnival.Web\wwwroot\app\services\sampleData.service.js.map
C:\Users\Andrei\source\repos\STP Project\Carnival.Web\wwwroot\app\models\viewModelResponse.js
C:\Users\Andrei\source\repos\STP Project\Carnival.Web\wwwroot\app\models\viewModelResponse.js.map
C:\Users\Andrei\source\repos\STP Project\Carnival.Web\wwwroot\app\models\errorResponse.js
C:\Users\Andrei\source\repos\STP Project\Carnival.Web\wwwroot\app\models\errorResponse.js.map
C:\Users\Andrei\source\repos\STP Project\Carnival.Web\wwwroot\app\services\ErrorMessageService.js
C:\Users\Andrei\source\repos\STP Project\Carnival.Web\wwwroot\app\services\ErrorMessageService.js.map
C:\Users\Andrei\source\repos\STP Project\Carnival.Web\wwwroot\app\about.component.js
C:\Users\Andrei\source\repos\STP Project\Carnival.Web\wwwroot\app\about.component.js.map
C:\Users\Andrei\source\repos\STP Project\Carnival.Web\wwwroot\app\index.component.js
C:\Users\Andrei\source\repos\STP Project\Carnival.Web\wwwroot\app\index.component.js.map
C:\Users\Andrei\source\repos\STP Project\Carnival.Web\wwwroot\app\contact.component.js
C:\Users\Andrei\source\repos\STP Project\Carnival.Web\wwwroot\app\contact.component.js.map
C:\Users\Andrei\source\repos\STP Project\Carnival.Web\wwwroot\app\models\LoginViewModel.js
C:\Users\Andrei\source\repos\STP Project\Carnival.Web\wwwroot\app\models\LoginViewModel.js.map
C:\Users\Andrei\source\repos\STP Project\Carnival.Web\wwwroot\app\login.component.js
C:\Users\Andrei\source\repos\STP Project\Carnival.Web\wwwroot\app\login.component.js.map
C:\Users\Andrei\source\repos\STP Project\Carnival.Web\wwwroot\app\models\RegisterViewModel.js
C:\Users\Andrei\source\repos\STP Project\Carnival.Web\wwwroot\app\models\RegisterViewModel.js.map
C:\Users\Andrei\source\repos\STP Project\Carnival.Web\wwwroot\app\register.component.js
C:\Users\Andrei\source\repos\STP Project\Carnival.Web\wwwroot\app\register.component.js.map
C:\Users\Andrei\source\repos\STP Project\Carnival.Web\wwwroot\app\models\ChangePasswordViewModel.js
C:\Users\Andrei\source\repos\STP Project\Carnival.Web\wwwroot\app\models\ChangePasswordViewModel.js.map
C:\Users\Andrei\source\repos\STP Project\Carnival.Web\wwwroot\app\changePassword.component.js
C:\Users\Andrei\source\repos\STP Project\Carnival.Web\wwwroot\app\changePassword.component.js.map
C:\Users\Andrei\source\repos\STP Project\Carnival.Web\wwwroot\app\manage.component.js
C:\Users\Andrei\source\repos\STP Project\Carnival.Web\wwwroot\app\manage.component.js.map
C:\Users\Andrei\source\repos\STP Project\Carnival.Web\wwwroot\app\app.routing.js
C:\Users\Andrei\source\repos\STP Project\Carnival.Web\wwwroot\app\app.routing.js.map
C:\Users\Andrei\source\repos\STP Project\Carnival.Web\wwwroot\app\app.component.js
C:\Users\Andrei\source\repos\STP Project\Carnival.Web\wwwroot\app\app.component.js.map
C:\Users\Andrei\source\repos\STP Project\Carnival.Web\wwwroot\app\rxjs-operators.js
C:\Users\Andrei\source\repos\STP Project\Carnival.Web\wwwroot\app\rxjs-operators.js.map
C:\Users\Andrei\source\repos\STP Project\Carnival.Web\wwwroot\app\app.module.js
C:\Users\Andrei\source\repos\STP Project\Carnival.Web\wwwroot\app\app.module.js.map
C:\Users\Andrei\source\repos\STP Project\Carnival.Web\wwwroot\main.js
C:\Users\Andrei\source\repos\STP Project\Carnival.Web\wwwroot\main.js.map
C:\Users\Andrei\source\repos\STP Project\Carnival.Web\wwwroot\app\security\OpenIdDictToken.js
C:\Users\Andrei\source\repos\STP Project\Carnival.Web\wwwroot\app\security\OpenIdDictToken.js.map
C:\Users\Andrei\source\repos\STP Project\Carnival.Web\wwwroot\app\security\auth.service.js
C:\Users\Andrei\source\repos\STP Project\Carnival.Web\wwwroot\app\security\auth.service.js.map
C:\Users\Andrei\source\repos\STP Project\Carnival.Web\wwwroot\app\security\auth-guard.service.js
C:\Users\Andrei\source\repos\STP Project\Carnival.Web\wwwroot\app\security\auth-guard.service.js.map
C:\Users\Andrei\source\repos\STP Project\Carnival.Web\wwwroot\app\models\testData.js
C:\Users\Andrei\source\repos\STP Project\Carnival.Web\wwwroot\app\models\testData.js.map
C:\Users\Andrei\source\repos\STP Project\Carnival.Web\wwwroot\app\services\sampleData.service.js
C:\Users\Andrei\source\repos\STP Project\Carnival.Web\wwwroot\app\services\sampleData.service.js.map
C:\Users\Andrei\source\repos\STP Project\Carnival.Web\wwwroot\app\models\viewModelResponse.js
C:\Users\Andrei\source\repos\STP Project\Carnival.Web\wwwroot\app\models\viewModelResponse.js.map
C:\Users\Andrei\source\repos\STP Project\Carnival.Web\wwwroot\app\models\errorResponse.js
C:\Users\Andrei\source\repos\STP Project\Carnival.Web\wwwroot\app\models\errorResponse.js.map
C:\Users\Andrei\source\repos\STP Project\Carnival.Web\wwwroot\app\services\ErrorMessageService.js
C:\Users\Andrei\source\repos\STP Project\Carnival.Web\wwwroot\app\services\ErrorMessageService.js.map
C:\Users\Andrei\source\repos\STP Project\Carnival.Web\wwwroot\app\about.component.js
C:\Users\Andrei\source\repos\STP Project\Carnival.Web\wwwroot\app\about.component.js.map
C:\Users\Andrei\source\repos\STP Project\Carnival.Web\wwwroot\app\index.component.js
C:\Users\Andrei\source\repos\STP Project\Carnival.Web\wwwroot\app\index.component.js.map
C:\Users\Andrei\source\repos\STP Project\Carnival.Web\wwwroot\app\contact.component.js
C:\Users\Andrei\source\repos\STP Project\Carnival.Web\wwwroot\app\contact.component.js.map
C:\Users\Andrei\source\repos\STP Project\Carnival.Web\wwwroot\app\models\LoginViewModel.js
C:\Users\Andrei\source\repos\STP Project\Carnival.Web\wwwroot\app\models\LoginViewModel.js.map
C:\Users\Andrei\source\repos\STP Project\Carnival.Web\wwwroot\app\login.component.js
C:\Users\Andrei\source\repos\STP Project\Carnival.Web\wwwroot\app\login.component.js.map
C:\Users\Andrei\source\repos\STP Project\Carnival.Web\wwwroot\app\models\RegisterViewModel.js
C:\Users\Andrei\source\repos\STP Project\Carnival.Web\wwwroot\app\models\RegisterViewModel.js.map
C:\Users\Andrei\source\repos\STP Project\Carnival.Web\wwwroot\app\register.component.js
C:\Users\Andrei\source\repos\STP Project\Carnival.Web\wwwroot\app\register.component.js.map
C:\Users\Andrei\source\repos\STP Project\Carnival.Web\wwwroot\app\models\ChangePasswordViewModel.js
C:\Users\Andrei\source\repos\STP Project\Carnival.Web\wwwroot\app\models\ChangePasswordViewModel.js.map
C:\Users\Andrei\source\repos\STP Project\Carnival.Web\wwwroot\app\changePassword.component.js
C:\Users\Andrei\source\repos\STP Project\Carnival.Web\wwwroot\app\changePassword.component.js.map
C:\Users\Andrei\source\repos\STP Project\Carnival.Web\wwwroot\app\manage.component.js
C:\Users\Andrei\source\repos\STP Project\Carnival.Web\wwwroot\app\manage.component.js.map
C:\Users\Andrei\source\repos\STP Project\Carnival.Web\wwwroot\app\app.routing.js
C:\Users\Andrei\source\repos\STP Project\Carnival.Web\wwwroot\app\app.routing.js.map
C:\Users\Andrei\source\repos\STP Project\Carnival.Web\wwwroot\app\app.component.js
C:\Users\Andrei\source\repos\STP Project\Carnival.Web\wwwroot\app\app.component.js.map
C:\Users\Andrei\source\repos\STP Project\Carnival.Web\wwwroot\app\rxjs-operators.js
C:\Users\Andrei\source\repos\STP Project\Carnival.Web\wwwroot\app\rxjs-operators.js.map
C:\Users\Andrei\source\repos\STP Project\Carnival.Web\wwwroot\app\app.module.js
C:\Users\Andrei\source\repos\STP Project\Carnival.Web\wwwroot\app\app.module.js.map
C:\Users\Andrei\source\repos\STP Project\Carnival.Web\wwwroot\main.js
C:\Users\Andrei\source\repos\STP Project\Carnival.Web\wwwroot\main.js.map
C:\Users\Andrei\source\repos\STP Project\Carnival.Web\wwwroot\app\security\OpenIdDictToken.js
C:\Users\Andrei\source\repos\STP Project\Carnival.Web\wwwroot\app\security\OpenIdDictToken.js.map
C:\Users\Andrei\source\repos\STP Project\Carnival.Web\wwwroot\app\security\auth.service.js
C:\Users\Andrei\source\repos\STP Project\Carnival.Web\wwwroot\app\security\auth.service.js.map
C:\Users\Andrei\source\repos\STP Project\Carnival.Web\wwwroot\app\security\auth-guard.service.js
C:\Users\Andrei\source\repos\STP Project\Carnival.Web\wwwroot\app\security\auth-guard.service.js.map
C:\Users\Andrei\source\repos\STP Project\Carnival.Web\wwwroot\app\models\testData.js
C:\Users\Andrei\source\repos\STP Project\Carnival.Web\wwwroot\app\models\testData.js.map
C:\Users\Andrei\source\repos\STP Project\Carnival.Web\wwwroot\app\services\sampleData.service.js
C:\Users\Andrei\source\repos\STP Project\Carnival.Web\wwwroot\app\services\sampleData.service.js.map
C:\Users\Andrei\source\repos\STP Project\Carnival.Web\wwwroot\app\models\viewModelResponse.js
C:\Users\Andrei\source\repos\STP Project\Carnival.Web\wwwroot\app\models\viewModelResponse.js.map
C:\Users\Andrei\source\repos\STP Project\Carnival.Web\wwwroot\app\models\errorResponse.js
C:\Users\Andrei\source\repos\STP Project\Carnival.Web\wwwroot\app\models\errorResponse.js.map
C:\Users\Andrei\source\repos\STP Project\Carnival.Web\wwwroot\app\services\ErrorMessageService.js
C:\Users\Andrei\source\repos\STP Project\Carnival.Web\wwwroot\app\services\ErrorMessageService.js.map
C:\Users\Andrei\source\repos\STP Project\Carnival.Web\wwwroot\app\about.component.js
C:\Users\Andrei\source\repos\STP Project\Carnival.Web\wwwroot\app\about.component.js.map
C:\Users\Andrei\source\repos\STP Project\Carnival.Web\wwwroot\app\index.component.js
C:\Users\Andrei\source\repos\STP Project\Carnival.Web\wwwroot\app\index.component.js.map
C:\Users\Andrei\source\repos\STP Project\Carnival.Web\wwwroot\app\contact.component.js
C:\Users\Andrei\source\repos\STP Project\Carnival.Web\wwwroot\app\contact.component.js.map
C:\Users\Andrei\source\repos\STP Project\Carnival.Web\wwwroot\app\models\LoginViewModel.js
C:\Users\Andrei\source\repos\STP Project\Carnival.Web\wwwroot\app\models\LoginViewModel.js.map
C:\Users\Andrei\source\repos\STP Project\Carnival.Web\wwwroot\app\login.component.js
C:\Users\Andrei\source\repos\STP Project\Carnival.Web\wwwroot\app\login.component.js.map
C:\Users\Andrei\source\repos\STP Project\Carnival.Web\wwwroot\app\models\RegisterViewModel.js
C:\Users\Andrei\source\repos\STP Project\Carnival.Web\wwwroot\app\models\RegisterViewModel.js.map
C:\Users\Andrei\source\repos\STP Project\Carnival.Web\wwwroot\app\register.component.js
C:\Users\Andrei\source\repos\STP Project\Carnival.Web\wwwroot\app\register.component.js.map
C:\Users\Andrei\source\repos\STP Project\Carnival.Web\wwwroot\app\models\ChangePasswordViewModel.js
C:\Users\Andrei\source\repos\STP Project\Carnival.Web\wwwroot\app\models\ChangePasswordViewModel.js.map
C:\Users\Andrei\source\repos\STP Project\Carnival.Web\wwwroot\app\changePassword.component.js
C:\Users\Andrei\source\repos\STP Project\Carnival.Web\wwwroot\app\changePassword.component.js.map
C:\Users\Andrei\source\repos\STP Project\Carnival.Web\wwwroot\app\manage.component.js
C:\Users\Andrei\source\repos\STP Project\Carnival.Web\wwwroot\app\manage.component.js.map
C:\Users\Andrei\source\repos\STP Project\Carnival.Web\wwwroot\app\app.routing.js
C:\Users\Andrei\source\repos\STP Project\Carnival.Web\wwwroot\app\app.routing.js.map
C:\Users\Andrei\source\repos\STP Project\Carnival.Web\wwwroot\app\app.component.js
C:\Users\Andrei\source\repos\STP Project\Carnival.Web\wwwroot\app\app.component.js.map
C:\Users\Andrei\source\repos\STP Project\Carnival.Web\wwwroot\app\rxjs-operators.js
C:\Users\Andrei\source\repos\STP Project\Carnival.Web\wwwroot\app\rxjs-operators.js.map
C:\Users\Andrei\source\repos\STP Project\Carnival.Web\wwwroot\app\app.module.js
C:\Users\Andrei\source\repos\STP Project\Carnival.Web\wwwroot\app\app.module.js.map
C:\Users\Andrei\source\repos\STP Project\Carnival.Web\wwwroot\main.js
C:\Users\Andrei\source\repos\STP Project\Carnival.Web\wwwroot\main.js.map
C:\Users\Andrei\source\repos\STP Project\Carnival.Web\wwwroot\app\security\OpenIdDictToken.js
C:\Users\Andrei\source\repos\STP Project\Carnival.Web\wwwroot\app\security\OpenIdDictToken.js.map
C:\Users\Andrei\source\repos\STP Project\Carnival.Web\wwwroot\app\security\auth.service.js
C:\Users\Andrei\source\repos\STP Project\Carnival.Web\wwwroot\app\security\auth.service.js.map
C:\Users\Andrei\source\repos\STP Project\Carnival.Web\wwwroot\app\security\auth-guard.service.js
C:\Users\Andrei\source\repos\STP Project\Carnival.Web\wwwroot\app\security\auth-guard.service.js.map
C:\Users\Andrei\source\repos\STP Project\Carnival.Web\wwwroot\app\models\testData.js
C:\Users\Andrei\source\repos\STP Project\Carnival.Web\wwwroot\app\models\testData.js.map
C:\Users\Andrei\source\repos\STP Project\Carnival.Web\wwwroot\app\services\sampleData.service.js
C:\Users\Andrei\source\repos\STP Project\Carnival.Web\wwwroot\app\services\sampleData.service.js.map
C:\Users\Andrei\source\repos\STP Project\Carnival.Web\wwwroot\app\models\viewModelResponse.js
C:\Users\Andrei\source\repos\STP Project\Carnival.Web\wwwroot\app\models\viewModelResponse.js.map
C:\Users\Andrei\source\repos\STP Project\Carnival.Web\wwwroot\app\models\errorResponse.js
C:\Users\Andrei\source\repos\STP Project\Carnival.Web\wwwroot\app\models\errorResponse.js.map
C:\Users\Andrei\source\repos\STP Project\Carnival.Web\wwwroot\app\services\ErrorMessageService.js
C:\Users\Andrei\source\repos\STP Project\Carnival.Web\wwwroot\app\services\ErrorMessageService.js.map
C:\Users\Andrei\source\repos\STP Project\Carnival.Web\wwwroot\app\about.component.js
C:\Users\Andrei\source\repos\STP Project\Carnival.Web\wwwroot\app\about.component.js.map
C:\Users\Andrei\source\repos\STP Project\Carnival.Web\wwwroot\app\index.component.js
C:\Users\Andrei\source\repos\STP Project\Carnival.Web\wwwroot\app\index.component.js.map
C:\Users\Andrei\source\repos\STP Project\Carnival.Web\wwwroot\app\contact.component.js
C:\Users\Andrei\source\repos\STP Project\Carnival.Web\wwwroot\app\contact.component.js.map
C:\Users\Andrei\source\repos\STP Project\Carnival.Web\wwwroot\app\models\LoginViewModel.js
C:\Users\Andrei\source\repos\STP Project\Carnival.Web\wwwroot\app\models\LoginViewModel.js.map
C:\Users\Andrei\source\repos\STP Project\Carnival.Web\wwwroot\app\login.component.js
C:\Users\Andrei\source\repos\STP Project\Carnival.Web\wwwroot\app\login.component.js.map
C:\Users\Andrei\source\repos\STP Project\Carnival.Web\wwwroot\app\models\RegisterViewModel.js
C:\Users\Andrei\source\repos\STP Project\Carnival.Web\wwwroot\app\models\RegisterViewModel.js.map
C:\Users\Andrei\source\repos\STP Project\Carnival.Web\wwwroot\app\register.component.js
C:\Users\Andrei\source\repos\STP Project\Carnival.Web\wwwroot\app\register.component.js.map
C:\Users\Andrei\source\repos\STP Project\Carnival.Web\wwwroot\app\models\ChangePasswordViewModel.js
C:\Users\Andrei\source\repos\STP Project\Carnival.Web\wwwroot\app\models\ChangePasswordViewModel.js.map
C:\Users\Andrei\source\repos\STP Project\Carnival.Web\wwwroot\app\changePassword.component.js
C:\Users\Andrei\source\repos\STP Project\Carnival.Web\wwwroot\app\changePassword.component.js.map
C:\Users\Andrei\source\repos\STP Project\Carnival.Web\wwwroot\app\manage.component.js
C:\Users\Andrei\source\repos\STP Project\Carnival.Web\wwwroot\app\manage.component.js.map
C:\Users\Andrei\source\repos\STP Project\Carnival.Web\wwwroot\app\app.routing.js
C:\Users\Andrei\source\repos\STP Project\Carnival.Web\wwwroot\app\app.routing.js.map
C:\Users\Andrei\source\repos\STP Project\Carnival.Web\wwwroot\app\app.component.js
C:\Users\Andrei\source\repos\STP Project\Carnival.Web\wwwroot\app\app.component.js.map
C:\Users\Andrei\source\repos\STP Project\Carnival.Web\wwwroot\app\rxjs-operators.js
C:\Users\Andrei\source\repos\STP Project\Carnival.Web\wwwroot\app\rxjs-operators.js.map
C:\Users\Andrei\source\repos\STP Project\Carnival.Web\wwwroot\app\app.module.js
C:\Users\Andrei\source\repos\STP Project\Carnival.Web\wwwroot\app\app.module.js.map
C:\Users\Andrei\source\repos\STP Project\Carnival.Web\wwwroot\main.js
C:\Users\Andrei\source\repos\STP Project\Carnival.Web\wwwroot\main.js.map
C:\Users\Andrei\source\repos\STP Project\Carnival.Web\wwwroot\app\security\OpenIdDictToken.js
C:\Users\Andrei\source\repos\STP Project\Carnival.Web\wwwroot\app\security\OpenIdDictToken.js.map
C:\Users\Andrei\source\repos\STP Project\Carnival.Web\wwwroot\app\security\auth.service.js
C:\Users\Andrei\source\repos\STP Project\Carnival.Web\wwwroot\app\security\auth.service.js.map
C:\Users\Andrei\source\repos\STP Project\Carnival.Web\wwwroot\app\security\auth-guard.service.js
C:\Users\Andrei\source\repos\STP Project\Carnival.Web\wwwroot\app\security\auth-guard.service.js.map
C:\Users\Andrei\source\repos\STP Project\Carnival.Web\wwwroot\app\models\testData.js
C:\Users\Andrei\source\repos\STP Project\Carnival.Web\wwwroot\app\models\testData.js.map
C:\Users\Andrei\source\repos\STP Project\Carnival.Web\wwwroot\app\services\sampleData.service.js
C:\Users\Andrei\source\repos\STP Project\Carnival.Web\wwwroot\app\services\sampleData.service.js.map
C:\Users\Andrei\source\repos\STP Project\Carnival.Web\wwwroot\app\models\viewModelResponse.js
C:\Users\Andrei\source\repos\STP Project\Carnival.Web\wwwroot\app\models\viewModelResponse.js.map
C:\Users\Andrei\source\repos\STP Project\Carnival.Web\wwwroot\app\models\errorResponse.js
C:\Users\Andrei\source\repos\STP Project\Carnival.Web\wwwroot\app\models\errorResponse.js.map
C:\Users\Andrei\source\repos\STP Project\Carnival.Web\wwwroot\app\services\ErrorMessageService.js
C:\Users\Andrei\source\repos\STP Project\Carnival.Web\wwwroot\app\services\ErrorMessageService.js.map
C:\Users\Andrei\source\repos\STP Project\Carnival.Web\wwwroot\app\about.component.js
C:\Users\Andrei\source\repos\STP Project\Carnival.Web\wwwroot\app\about.component.js.map
C:\Users\Andrei\source\repos\STP Project\Carnival.Web\wwwroot\app\index.component.js
C:\Users\Andrei\source\repos\STP Project\Carnival.Web\wwwroot\app\index.component.js.map
C:\Users\Andrei\source\repos\STP Project\Carnival.Web\wwwroot\app\contact.component.js
C:\Users\Andrei\source\repos\STP Project\Carnival.Web\wwwroot\app\contact.component.js.map
C:\Users\Andrei\source\repos\STP Project\Carnival.Web\wwwroot\app\models\LoginViewModel.js
C:\Users\Andrei\source\repos\STP Project\Carnival.Web\wwwroot\app\models\LoginViewModel.js.map
C:\Users\Andrei\source\repos\STP Project\Carnival.Web\wwwroot\app\login.component.js
C:\Users\Andrei\source\repos\STP Project\Carnival.Web\wwwroot\app\login.component.js.map
C:\Users\Andrei\source\repos\STP Project\Carnival.Web\wwwroot\app\models\RegisterViewModel.js
C:\Users\Andrei\source\repos\STP Project\Carnival.Web\wwwroot\app\models\RegisterViewModel.js.map
C:\Users\Andrei\source\repos\STP Project\Carnival.Web\wwwroot\app\register.component.js
C:\Users\Andrei\source\repos\STP Project\Carnival.Web\wwwroot\app\register.component.js.map
C:\Users\Andrei\source\repos\STP Project\Carnival.Web\wwwroot\app\models\ChangePasswordViewModel.js
C:\Users\Andrei\source\repos\STP Project\Carnival.Web\wwwroot\app\models\ChangePasswordViewModel.js.map
C:\Users\Andrei\source\repos\STP Project\Carnival.Web\wwwroot\app\changePassword.component.js
C:\Users\Andrei\source\repos\STP Project\Carnival.Web\wwwroot\app\changePassword.component.js.map
C:\Users\Andrei\source\repos\STP Project\Carnival.Web\wwwroot\app\manage.component.js
C:\Users\Andrei\source\repos\STP Project\Carnival.Web\wwwroot\app\manage.component.js.map
C:\Users\Andrei\source\repos\STP Project\Carnival.Web\wwwroot\app\app.routing.js
C:\Users\Andrei\source\repos\STP Project\Carnival.Web\wwwroot\app\app.routing.js.map
C:\Users\Andrei\source\repos\STP Project\Carnival.Web\wwwroot\app\app.component.js
C:\Users\Andrei\source\repos\STP Project\Carnival.Web\wwwroot\app\app.component.js.map
C:\Users\Andrei\source\repos\STP Project\Carnival.Web\wwwroot\app\rxjs-operators.js
C:\Users\Andrei\source\repos\STP Project\Carnival.Web\wwwroot\app\rxjs-operators.js.map
C:\Users\Andrei\source\repos\STP Project\Carnival.Web\wwwroot\app\app.module.js
C:\Users\Andrei\source\repos\STP Project\Carnival.Web\wwwroot\app\app.module.js.map
C:\Users\Andrei\source\repos\STP Project\Carnival.Web\wwwroot\main.js
C:\Users\Andrei\source\repos\STP Project\Carnival.Web\wwwroot\main.js.map
C:\Users\Andrei\source\repos\STP Project\Carnival.Web\wwwroot\app\models\Profile.js
C:\Users\Andrei\source\repos\STP Project\Carnival.Web\wwwroot\app\models\Profile.js.map
C:\Users\Andrei\source\repos\STP Project\Carnival.Web\wwwroot\app\security\OpenIdDictToken.js
C:\Users\Andrei\source\repos\STP Project\Carnival.Web\wwwroot\app\security\OpenIdDictToken.js.map
C:\Users\Andrei\source\repos\STP Project\Carnival.Web\wwwroot\app\security\auth.service.js
C:\Users\Andrei\source\repos\STP Project\Carnival.Web\wwwroot\app\security\auth.service.js.map
C:\Users\Andrei\source\repos\STP Project\Carnival.Web\wwwroot\app\security\auth-guard.service.js
C:\Users\Andrei\source\repos\STP Project\Carnival.Web\wwwroot\app\security\auth-guard.service.js.map
C:\Users\Andrei\source\repos\STP Project\Carnival.Web\wwwroot\app\models\testData.js
C:\Users\Andrei\source\repos\STP Project\Carnival.Web\wwwroot\app\models\testData.js.map
C:\Users\Andrei\source\repos\STP Project\Carnival.Web\wwwroot\app\services\sampleData.service.js
C:\Users\Andrei\source\repos\STP Project\Carnival.Web\wwwroot\app\services\sampleData.service.js.map
C:\Users\Andrei\source\repos\STP Project\Carnival.Web\wwwroot\app\models\viewModelResponse.js
C:\Users\Andrei\source\repos\STP Project\Carnival.Web\wwwroot\app\models\viewModelResponse.js.map
C:\Users\Andrei\source\repos\STP Project\Carnival.Web\wwwroot\app\models\errorResponse.js
C:\Users\Andrei\source\repos\STP Project\Carnival.Web\wwwroot\app\models\errorResponse.js.map
C:\Users\Andrei\source\repos\STP Project\Carnival.Web\wwwroot\app\services\ErrorMessageService.js
C:\Users\Andrei\source\repos\STP Project\Carnival.Web\wwwroot\app\services\ErrorMessageService.js.map
C:\Users\Andrei\source\repos\STP Project\Carnival.Web\wwwroot\app\about.component.js
C:\Users\Andrei\source\repos\STP Project\Carnival.Web\wwwroot\app\about.component.js.map
C:\Users\Andrei\source\repos\STP Project\Carnival.Web\wwwroot\app\index.component.js
C:\Users\Andrei\source\repos\STP Project\Carnival.Web\wwwroot\app\index.component.js.map
C:\Users\Andrei\source\repos\STP Project\Carnival.Web\wwwroot\app\contact.component.js
C:\Users\Andrei\source\repos\STP Project\Carnival.Web\wwwroot\app\contact.component.js.map
C:\Users\Andrei\source\repos\STP Project\Carnival.Web\wwwroot\app\models\LoginViewModel.js
C:\Users\Andrei\source\repos\STP Project\Carnival.Web\wwwroot\app\models\LoginViewModel.js.map
C:\Users\Andrei\source\repos\STP Project\Carnival.Web\wwwroot\app\login.component.js
C:\Users\Andrei\source\repos\STP Project\Carnival.Web\wwwroot\app\login.component.js.map
C:\Users\Andrei\source\repos\STP Project\Carnival.Web\wwwroot\app\models\RegisterViewModel.js
C:\Users\Andrei\source\repos\STP Project\Carnival.Web\wwwroot\app\models\RegisterViewModel.js.map
C:\Users\Andrei\source\repos\STP Project\Carnival.Web\wwwroot\app\register.component.js
C:\Users\Andrei\source\repos\STP Project\Carnival.Web\wwwroot\app\register.component.js.map
C:\Users\Andrei\source\repos\STP Project\Carnival.Web\wwwroot\app\models\ChangePasswordViewModel.js
C:\Users\Andrei\source\repos\STP Project\Carnival.Web\wwwroot\app\models\ChangePasswordViewModel.js.map
C:\Users\Andrei\source\repos\STP Project\Carnival.Web\wwwroot\app\changePassword.component.js
C:\Users\Andrei\source\repos\STP Project\Carnival.Web\wwwroot\app\changePassword.component.js.map
C:\Users\Andrei\source\repos\STP Project\Carnival.Web\wwwroot\app\manage.component.js
C:\Users\Andrei\source\repos\STP Project\Carnival.Web\wwwroot\app\manage.component.js.map
C:\Users\Andrei\source\repos\STP Project\Carnival.Web\wwwroot\app\app.routing.js
C:\Users\Andrei\source\repos\STP Project\Carnival.Web\wwwroot\app\app.routing.js.map
C:\Users\Andrei\source\repos\STP Project\Carnival.Web\wwwroot\app\app.component.js
C:\Users\Andrei\source\repos\STP Project\Carnival.Web\wwwroot\app\app.component.js.map
C:\Users\Andrei\source\repos\STP Project\Carnival.Web\wwwroot\app\rxjs-operators.js
C:\Users\Andrei\source\repos\STP Project\Carnival.Web\wwwroot\app\rxjs-operators.js.map
C:\Users\Andrei\source\repos\STP Project\Carnival.Web\wwwroot\app\app.module.js
C:\Users\Andrei\source\repos\STP Project\Carnival.Web\wwwroot\app\app.module.js.map
C:\Users\Andrei\source\repos\STP Project\Carnival.Web\wwwroot\main.js
C:\Users\Andrei\source\repos\STP Project\Carnival.Web\wwwroot\main.js.map
C:\Users\Andrei\source\repos\STP Project\Carnival.Web\wwwroot\app\models\Profile.js
C:\Users\Andrei\source\repos\STP Project\Carnival.Web\wwwroot\app\models\Profile.js.map
C:\Users\Andrei\source\repos\STP Project\Carnival.Web\wwwroot\app\security\OpenIdDictToken.js
C:\Users\Andrei\source\repos\STP Project\Carnival.Web\wwwroot\app\security\OpenIdDictToken.js.map
C:\Users\Andrei\source\repos\STP Project\Carnival.Web\wwwroot\app\security\auth.service.js
C:\Users\Andrei\source\repos\STP Project\Carnival.Web\wwwroot\app\security\auth.service.js.map
C:\Users\Andrei\source\repos\STP Project\Carnival.Web\wwwroot\app\security\auth-guard.service.js
C:\Users\Andrei\source\repos\STP Project\Carnival.Web\wwwroot\app\security\auth-guard.service.js.map
C:\Users\Andrei\source\repos\STP Project\Carnival.Web\wwwroot\app\models\testData.js
C:\Users\Andrei\source\repos\STP Project\Carnival.Web\wwwroot\app\models\testData.js.map
C:\Users\Andrei\source\repos\STP Project\Carnival.Web\wwwroot\app\services\sampleData.service.js
C:\Users\Andrei\source\repos\STP Project\Carnival.Web\wwwroot\app\services\sampleData.service.js.map
C:\Users\Andrei\source\repos\STP Project\Carnival.Web\wwwroot\app\models\viewModelResponse.js
C:\Users\Andrei\source\repos\STP Project\Carnival.Web\wwwroot\app\models\viewModelResponse.js.map
C:\Users\Andrei\source\repos\STP Project\Carnival.Web\wwwroot\app\models\errorResponse.js
C:\Users\Andrei\source\repos\STP Project\Carnival.Web\wwwroot\app\models\errorResponse.js.map
C:\Users\Andrei\source\repos\STP Project\Carnival.Web\wwwroot\app\services\ErrorMessageService.js
C:\Users\Andrei\source\repos\STP Project\Carnival.Web\wwwroot\app\services\ErrorMessageService.js.map
C:\Users\Andrei\source\repos\STP Project\Carnival.Web\wwwroot\app\about.component.js
C:\Users\Andrei\source\repos\STP Project\Carnival.Web\wwwroot\app\about.component.js.map
C:\Users\Andrei\source\repos\STP Project\Carnival.Web\wwwroot\app\index.component.js
C:\Users\Andrei\source\repos\STP Project\Carnival.Web\wwwroot\app\index.component.js.map
C:\Users\Andrei\source\repos\STP Project\Carnival.Web\wwwroot\app\contact.component.js
C:\Users\Andrei\source\repos\STP Project\Carnival.Web\wwwroot\app\contact.component.js.map
C:\Users\Andrei\source\repos\STP Project\Carnival.Web\wwwroot\app\models\LoginViewModel.js
C:\Users\Andrei\source\repos\STP Project\Carnival.Web\wwwroot\app\models\LoginViewModel.js.map
C:\Users\Andrei\source\repos\STP Project\Carnival.Web\wwwroot\app\login.component.js
C:\Users\Andrei\source\repos\STP Project\Carnival.Web\wwwroot\app\login.component.js.map
C:\Users\Andrei\source\repos\STP Project\Carnival.Web\wwwroot\app\models\RegisterViewModel.js
C:\Users\Andrei\source\repos\STP Project\Carnival.Web\wwwroot\app\models\RegisterViewModel.js.map
C:\Users\Andrei\source\repos\STP Project\Carnival.Web\wwwroot\app\register.component.js
C:\Users\Andrei\source\repos\STP Project\Carnival.Web\wwwroot\app\register.component.js.map
C:\Users\Andrei\source\repos\STP Project\Carnival.Web\wwwroot\app\models\ChangePasswordViewModel.js
C:\Users\Andrei\source\repos\STP Project\Carnival.Web\wwwroot\app\models\ChangePasswordViewModel.js.map
C:\Users\Andrei\source\repos\STP Project\Carnival.Web\wwwroot\app\changePassword.component.js
C:\Users\Andrei\source\repos\STP Project\Carnival.Web\wwwroot\app\changePassword.component.js.map
C:\Users\Andrei\source\repos\STP Project\Carnival.Web\wwwroot\app\manage.component.js
C:\Users\Andrei\source\repos\STP Project\Carnival.Web\wwwroot\app\manage.component.js.map
C:\Users\Andrei\source\repos\STP Project\Carnival.Web\wwwroot\app\app.routing.js
C:\Users\Andrei\source\repos\STP Project\Carnival.Web\wwwroot\app\app.routing.js.map
C:\Users\Andrei\source\repos\STP Project\Carnival.Web\wwwroot\app\app.component.js
C:\Users\Andrei\source\repos\STP Project\Carnival.Web\wwwroot\app\app.component.js.map
C:\Users\Andrei\source\repos\STP Project\Carnival.Web\wwwroot\app\rxjs-operators.js
C:\Users\Andrei\source\repos\STP Project\Carnival.Web\wwwroot\app\rxjs-operators.js.map
C:\Users\Andrei\source\repos\STP Project\Carnival.Web\wwwroot\app\app.module.js
C:\Users\Andrei\source\repos\STP Project\Carnival.Web\wwwroot\app\app.module.js.map
C:\Users\Andrei\source\repos\STP Project\Carnival.Web\wwwroot\main.js
C:\Users\Andrei\source\repos\STP Project\Carnival.Web\wwwroot\main.js.map
C:\Users\Andrei\source\repos\STP Project\Carnival.Web\wwwroot\app\models\Profile.js
C:\Users\Andrei\source\repos\STP Project\Carnival.Web\wwwroot\app\models\Profile.js.map
C:\Users\Andrei\source\repos\STP Project\Carnival.Web\wwwroot\app\services\Profile.service.js
C:\Users\Andrei\source\repos\STP Project\Carnival.Web\wwwroot\app\services\Profile.service.js.map
C:\Users\Andrei\source\repos\STP Project\Carnival.Web\wwwroot\app\security\OpenIdDictToken.js
C:\Users\Andrei\source\repos\STP Project\Carnival.Web\wwwroot\app\security\OpenIdDictToken.js.map
C:\Users\Andrei\source\repos\STP Project\Carnival.Web\wwwroot\app\security\auth.service.js
C:\Users\Andrei\source\repos\STP Project\Carnival.Web\wwwroot\app\security\auth.service.js.map
C:\Users\Andrei\source\repos\STP Project\Carnival.Web\wwwroot\app\security\auth-guard.service.js
C:\Users\Andrei\source\repos\STP Project\Carnival.Web\wwwroot\app\security\auth-guard.service.js.map
C:\Users\Andrei\source\repos\STP Project\Carnival.Web\wwwroot\app\models\testData.js
C:\Users\Andrei\source\repos\STP Project\Carnival.Web\wwwroot\app\models\testData.js.map
C:\Users\Andrei\source\repos\STP Project\Carnival.Web\wwwroot\app\services\sampleData.service.js
C:\Users\Andrei\source\repos\STP Project\Carnival.Web\wwwroot\app\services\sampleData.service.js.map
C:\Users\Andrei\source\repos\STP Project\Carnival.Web\wwwroot\app\models\viewModelResponse.js
C:\Users\Andrei\source\repos\STP Project\Carnival.Web\wwwroot\app\models\viewModelResponse.js.map
C:\Users\Andrei\source\repos\STP Project\Carnival.Web\wwwroot\app\models\errorResponse.js
C:\Users\Andrei\source\repos\STP Project\Carnival.Web\wwwroot\app\models\errorResponse.js.map
C:\Users\Andrei\source\repos\STP Project\Carnival.Web\wwwroot\app\services\ErrorMessageService.js
C:\Users\Andrei\source\repos\STP Project\Carnival.Web\wwwroot\app\services\ErrorMessageService.js.map
C:\Users\Andrei\source\repos\STP Project\Carnival.Web\wwwroot\app\about.component.js
C:\Users\Andrei\source\repos\STP Project\Carnival.Web\wwwroot\app\about.component.js.map
C:\Users\Andrei\source\repos\STP Project\Carnival.Web\wwwroot\app\index.component.js
C:\Users\Andrei\source\repos\STP Project\Carnival.Web\wwwroot\app\index.component.js.map
C:\Users\Andrei\source\repos\STP Project\Carnival.Web\wwwroot\app\contact.component.js
C:\Users\Andrei\source\repos\STP Project\Carnival.Web\wwwroot\app\contact.component.js.map
C:\Users\Andrei\source\repos\STP Project\Carnival.Web\wwwroot\app\models\LoginViewModel.js
C:\Users\Andrei\source\repos\STP Project\Carnival.Web\wwwroot\app\models\LoginViewModel.js.map
C:\Users\Andrei\source\repos\STP Project\Carnival.Web\wwwroot\app\login.component.js
C:\Users\Andrei\source\repos\STP Project\Carnival.Web\wwwroot\app\login.component.js.map
C:\Users\Andrei\source\repos\STP Project\Carnival.Web\wwwroot\app\models\RegisterViewModel.js
C:\Users\Andrei\source\repos\STP Project\Carnival.Web\wwwroot\app\models\RegisterViewModel.js.map
C:\Users\Andrei\source\repos\STP Project\Carnival.Web\wwwroot\app\register.component.js
C:\Users\Andrei\source\repos\STP Project\Carnival.Web\wwwroot\app\register.component.js.map
C:\Users\Andrei\source\repos\STP Project\Carnival.Web\wwwroot\app\models\ChangePasswordViewModel.js
C:\Users\Andrei\source\repos\STP Project\Carnival.Web\wwwroot\app\models\ChangePasswordViewModel.js.map
C:\Users\Andrei\source\repos\STP Project\Carnival.Web\wwwroot\app\changePassword.component.js
C:\Users\Andrei\source\repos\STP Project\Carnival.Web\wwwroot\app\changePassword.component.js.map
C:\Users\Andrei\source\repos\STP Project\Carnival.Web\wwwroot\app\manage.component.js
C:\Users\Andrei\source\repos\STP Project\Carnival.Web\wwwroot\app\manage.component.js.map
C:\Users\Andrei\source\repos\STP Project\Carnival.Web\wwwroot\app\app.routing.js
C:\Users\Andrei\source\repos\STP Project\Carnival.Web\wwwroot\app\app.routing.js.map
C:\Users\Andrei\source\repos\STP Project\Carnival.Web\wwwroot\app\app.component.js
C:\Users\Andrei\source\repos\STP Project\Carnival.Web\wwwroot\app\app.component.js.map
C:\Users\Andrei\source\repos\STP Project\Carnival.Web\wwwroot\app\rxjs-operators.js
C:\Users\Andrei\source\repos\STP Project\Carnival.Web\wwwroot\app\rxjs-operators.js.map
C:\Users\Andrei\source\repos\STP Project\Carnival.Web\wwwroot\app\app.module.js
C:\Users\Andrei\source\repos\STP Project\Carnival.Web\wwwroot\app\app.module.js.map
C:\Users\Andrei\source\repos\STP Project\Carnival.Web\wwwroot\main.js
C:\Users\Andrei\source\repos\STP Project\Carnival.Web\wwwroot\main.js.map
C:\Users\Andrei\source\repos\STP Project\Carnival.Web\wwwroot\app\models\Profile.js
C:\Users\Andrei\source\repos\STP Project\Carnival.Web\wwwroot\app\models\Profile.js.map
C:\Users\Andrei\source\repos\STP Project\Carnival.Web\wwwroot\app\services\Profile.service.js
C:\Users\Andrei\source\repos\STP Project\Carnival.Web\wwwroot\app\services\Profile.service.js.map
C:\Users\Andrei\source\repos\STP Project\Carnival.Web\wwwroot\app\security\OpenIdDictToken.js
C:\Users\Andrei\source\repos\STP Project\Carnival.Web\wwwroot\app\security\OpenIdDictToken.js.map
C:\Users\Andrei\source\repos\STP Project\Carnival.Web\wwwroot\app\security\auth.service.js
C:\Users\Andrei\source\repos\STP Project\Carnival.Web\wwwroot\app\security\auth.service.js.map
C:\Users\Andrei\source\repos\STP Project\Carnival.Web\wwwroot\app\security\auth-guard.service.js
C:\Users\Andrei\source\repos\STP Project\Carnival.Web\wwwroot\app\security\auth-guard.service.js.map
C:\Users\Andrei\source\repos\STP Project\Carnival.Web\wwwroot\app\models\testData.js
C:\Users\Andrei\source\repos\STP Project\Carnival.Web\wwwroot\app\models\testData.js.map
C:\Users\Andrei\source\repos\STP Project\Carnival.Web\wwwroot\app\services\sampleData.service.js
C:\Users\Andrei\source\repos\STP Project\Carnival.Web\wwwroot\app\services\sampleData.service.js.map
C:\Users\Andrei\source\repos\STP Project\Carnival.Web\wwwroot\app\models\viewModelResponse.js
C:\Users\Andrei\source\repos\STP Project\Carnival.Web\wwwroot\app\models\viewModelResponse.js.map
C:\Users\Andrei\source\repos\STP Project\Carnival.Web\wwwroot\app\models\errorResponse.js
C:\Users\Andrei\source\repos\STP Project\Carnival.Web\wwwroot\app\models\errorResponse.js.map
C:\Users\Andrei\source\repos\STP Project\Carnival.Web\wwwroot\app\services\ErrorMessageService.js
C:\Users\Andrei\source\repos\STP Project\Carnival.Web\wwwroot\app\services\ErrorMessageService.js.map
C:\Users\Andrei\source\repos\STP Project\Carnival.Web\wwwroot\app\about.component.js
C:\Users\Andrei\source\repos\STP Project\Carnival.Web\wwwroot\app\about.component.js.map
C:\Users\Andrei\source\repos\STP Project\Carnival.Web\wwwroot\app\index.component.js
C:\Users\Andrei\source\repos\STP Project\Carnival.Web\wwwroot\app\index.component.js.map
C:\Users\Andrei\source\repos\STP Project\Carnival.Web\wwwroot\app\contact.component.js
C:\Users\Andrei\source\repos\STP Project\Carnival.Web\wwwroot\app\contact.component.js.map
C:\Users\Andrei\source\repos\STP Project\Carnival.Web\wwwroot\app\models\LoginViewModel.js
C:\Users\Andrei\source\repos\STP Project\Carnival.Web\wwwroot\app\models\LoginViewModel.js.map
C:\Users\Andrei\source\repos\STP Project\Carnival.Web\wwwroot\app\login.component.js
C:\Users\Andrei\source\repos\STP Project\Carnival.Web\wwwroot\app\login.component.js.map
C:\Users\Andrei\source\repos\STP Project\Carnival.Web\wwwroot\app\models\RegisterViewModel.js
C:\Users\Andrei\source\repos\STP Project\Carnival.Web\wwwroot\app\models\RegisterViewModel.js.map
C:\Users\Andrei\source\repos\STP Project\Carnival.Web\wwwroot\app\register.component.js
C:\Users\Andrei\source\repos\STP Project\Carnival.Web\wwwroot\app\register.component.js.map
C:\Users\Andrei\source\repos\STP Project\Carnival.Web\wwwroot\app\models\ChangePasswordViewModel.js
C:\Users\Andrei\source\repos\STP Project\Carnival.Web\wwwroot\app\models\ChangePasswordViewModel.js.map
C:\Users\Andrei\source\repos\STP Project\Carnival.Web\wwwroot\app\changePassword.component.js
C:\Users\Andrei\source\repos\STP Project\Carnival.Web\wwwroot\app\changePassword.component.js.map
C:\Users\Andrei\source\repos\STP Project\Carnival.Web\wwwroot\app\manage.component.js
C:\Users\Andrei\source\repos\STP Project\Carnival.Web\wwwroot\app\manage.component.js.map
C:\Users\Andrei\source\repos\STP Project\Carnival.Web\wwwroot\app\app.routing.js
C:\Users\Andrei\source\repos\STP Project\Carnival.Web\wwwroot\app\app.routing.js.map
C:\Users\Andrei\source\repos\STP Project\Carnival.Web\wwwroot\app\app.component.js
C:\Users\Andrei\source\repos\STP Project\Carnival.Web\wwwroot\app\app.component.js.map
C:\Users\Andrei\source\repos\STP Project\Carnival.Web\wwwroot\app\rxjs-operators.js
C:\Users\Andrei\source\repos\STP Project\Carnival.Web\wwwroot\app\rxjs-operators.js.map
C:\Users\Andrei\source\repos\STP Project\Carnival.Web\wwwroot\app\app.module.js
C:\Users\Andrei\source\repos\STP Project\Carnival.Web\wwwroot\app\app.module.js.map
C:\Users\Andrei\source\repos\STP Project\Carnival.Web\wwwroot\main.js
C:\Users\Andrei\source\repos\STP Project\Carnival.Web\wwwroot\main.js.map
C:\Users\Andrei\source\repos\STP Project\Carnival.Web\wwwroot\app\profile.component.js
C:\Users\Andrei\source\repos\STP Project\Carnival.Web\wwwroot\app\profile.component.js.map
C:\Users\Andrei\source\repos\STP Project\Carnival.Web\wwwroot\app\models\Profile.js
C:\Users\Andrei\source\repos\STP Project\Carnival.Web\wwwroot\app\models\Profile.js.map
C:\Users\Andrei\source\repos\STP Project\Carnival.Web\wwwroot\app\services\Profile.service.js
C:\Users\Andrei\source\repos\STP Project\Carnival.Web\wwwroot\app\services\Profile.service.js.map
C:\Users\Andrei\source\repos\STP Project\Carnival.Web\wwwroot\app\security\OpenIdDictToken.js
C:\Users\Andrei\source\repos\STP Project\Carnival.Web\wwwroot\app\security\OpenIdDictToken.js.map
C:\Users\Andrei\source\repos\STP Project\Carnival.Web\wwwroot\app\security\auth.service.js
C:\Users\Andrei\source\repos\STP Project\Carnival.Web\wwwroot\app\security\auth.service.js.map
C:\Users\Andrei\source\repos\STP Project\Carnival.Web\wwwroot\app\security\auth-guard.service.js
C:\Users\Andrei\source\repos\STP Project\Carnival.Web\wwwroot\app\security\auth-guard.service.js.map
C:\Users\Andrei\source\repos\STP Project\Carnival.Web\wwwroot\app\models\testData.js
C:\Users\Andrei\source\repos\STP Project\Carnival.Web\wwwroot\app\models\testData.js.map
C:\Users\Andrei\source\repos\STP Project\Carnival.Web\wwwroot\app\services\sampleData.service.js
C:\Users\Andrei\source\repos\STP Project\Carnival.Web\wwwroot\app\services\sampleData.service.js.map
C:\Users\Andrei\source\repos\STP Project\Carnival.Web\wwwroot\app\models\viewModelResponse.js
C:\Users\Andrei\source\repos\STP Project\Carnival.Web\wwwroot\app\models\viewModelResponse.js.map
C:\Users\Andrei\source\repos\STP Project\Carnival.Web\wwwroot\app\models\errorResponse.js
C:\Users\Andrei\source\repos\STP Project\Carnival.Web\wwwroot\app\models\errorResponse.js.map
C:\Users\Andrei\source\repos\STP Project\Carnival.Web\wwwroot\app\services\ErrorMessageService.js
C:\Users\Andrei\source\repos\STP Project\Carnival.Web\wwwroot\app\services\ErrorMessageService.js.map
C:\Users\Andrei\source\repos\STP Project\Carnival.Web\wwwroot\app\about.component.js
C:\Users\Andrei\source\repos\STP Project\Carnival.Web\wwwroot\app\about.component.js.map
C:\Users\Andrei\source\repos\STP Project\Carnival.Web\wwwroot\app\index.component.js
C:\Users\Andrei\source\repos\STP Project\Carnival.Web\wwwroot\app\index.component.js.map
C:\Users\Andrei\source\repos\STP Project\Carnival.Web\wwwroot\app\contact.component.js
C:\Users\Andrei\source\repos\STP Project\Carnival.Web\wwwroot\app\contact.component.js.map
C:\Users\Andrei\source\repos\STP Project\Carnival.Web\wwwroot\app\models\LoginViewModel.js
C:\Users\Andrei\source\repos\STP Project\Carnival.Web\wwwroot\app\models\LoginViewModel.js.map
C:\Users\Andrei\source\repos\STP Project\Carnival.Web\wwwroot\app\login.component.js
C:\Users\Andrei\source\repos\STP Project\Carnival.Web\wwwroot\app\login.component.js.map
C:\Users\Andrei\source\repos\STP Project\Carnival.Web\wwwroot\app\models\RegisterViewModel.js
C:\Users\Andrei\source\repos\STP Project\Carnival.Web\wwwroot\app\models\RegisterViewModel.js.map
C:\Users\Andrei\source\repos\STP Project\Carnival.Web\wwwroot\app\register.component.js
C:\Users\Andrei\source\repos\STP Project\Carnival.Web\wwwroot\app\register.component.js.map
C:\Users\Andrei\source\repos\STP Project\Carnival.Web\wwwroot\app\models\ChangePasswordViewModel.js
C:\Users\Andrei\source\repos\STP Project\Carnival.Web\wwwroot\app\models\ChangePasswordViewModel.js.map
C:\Users\Andrei\source\repos\STP Project\Carnival.Web\wwwroot\app\changePassword.component.js
C:\Users\Andrei\source\repos\STP Project\Carnival.Web\wwwroot\app\changePassword.component.js.map
C:\Users\Andrei\source\repos\STP Project\Carnival.Web\wwwroot\app\manage.component.js
C:\Users\Andrei\source\repos\STP Project\Carnival.Web\wwwroot\app\manage.component.js.map
C:\Users\Andrei\source\repos\STP Project\Carnival.Web\wwwroot\app\app.routing.js
C:\Users\Andrei\source\repos\STP Project\Carnival.Web\wwwroot\app\app.routing.js.map
C:\Users\Andrei\source\repos\STP Project\Carnival.Web\wwwroot\app\app.component.js
C:\Users\Andrei\source\repos\STP Project\Carnival.Web\wwwroot\app\app.component.js.map
C:\Users\Andrei\source\repos\STP Project\Carnival.Web\wwwroot\app\rxjs-operators.js
C:\Users\Andrei\source\repos\STP Project\Carnival.Web\wwwroot\app\rxjs-operators.js.map
C:\Users\Andrei\source\repos\STP Project\Carnival.Web\wwwroot\app\app.module.js
C:\Users\Andrei\source\repos\STP Project\Carnival.Web\wwwroot\app\app.module.js.map
C:\Users\Andrei\source\repos\STP Project\Carnival.Web\wwwroot\main.js
C:\Users\Andrei\source\repos\STP Project\Carnival.Web\wwwroot\main.js.map
C:\Users\Andrei\source\repos\STP Project\Carnival.Web\wwwroot\app\profile.component.js
C:\Users\Andrei\source\repos\STP Project\Carnival.Web\wwwroot\app\profile.component.js.map
C:\Users\Andrei\source\repos\STP Project\Carnival.Web\wwwroot\app\models\Profile.js
C:\Users\Andrei\source\repos\STP Project\Carnival.Web\wwwroot\app\models\Profile.js.map
C:\Users\Andrei\source\repos\STP Project\Carnival.Web\wwwroot\app\services\Profile.service.js
C:\Users\Andrei\source\repos\STP Project\Carnival.Web\wwwroot\app\services\Profile.service.js.map
C:\Users\Andrei\source\repos\STP Project\Carnival.Web\wwwroot\app\security\OpenIdDictToken.js
C:\Users\Andrei\source\repos\STP Project\Carnival.Web\wwwroot\app\security\OpenIdDictToken.js.map
C:\Users\Andrei\source\repos\STP Project\Carnival.Web\wwwroot\app\security\auth.service.js
C:\Users\Andrei\source\repos\STP Project\Carnival.Web\wwwroot\app\security\auth.service.js.map
C:\Users\Andrei\source\repos\STP Project\Carnival.Web\wwwroot\app\security\auth-guard.service.js
C:\Users\Andrei\source\repos\STP Project\Carnival.Web\wwwroot\app\security\auth-guard.service.js.map
C:\Users\Andrei\source\repos\STP Project\Carnival.Web\wwwroot\app\models\testData.js
C:\Users\Andrei\source\repos\STP Project\Carnival.Web\wwwroot\app\models\testData.js.map
C:\Users\Andrei\source\repos\STP Project\Carnival.Web\wwwroot\app\services\sampleData.service.js
C:\Users\Andrei\source\repos\STP Project\Carnival.Web\wwwroot\app\services\sampleData.service.js.map
C:\Users\Andrei\source\repos\STP Project\Carnival.Web\wwwroot\app\models\viewModelResponse.js
C:\Users\Andrei\source\repos\STP Project\Carnival.Web\wwwroot\app\models\viewModelResponse.js.map
C:\Users\Andrei\source\repos\STP Project\Carnival.Web\wwwroot\app\models\errorResponse.js
C:\Users\Andrei\source\repos\STP Project\Carnival.Web\wwwroot\app\models\errorResponse.js.map
C:\Users\Andrei\source\repos\STP Project\Carnival.Web\wwwroot\app\services\ErrorMessageService.js
C:\Users\Andrei\source\repos\STP Project\Carnival.Web\wwwroot\app\services\ErrorMessageService.js.map
C:\Users\Andrei\source\repos\STP Project\Carnival.Web\wwwroot\app\about.component.js
C:\Users\Andrei\source\repos\STP Project\Carnival.Web\wwwroot\app\about.component.js.map
C:\Users\Andrei\source\repos\STP Project\Carnival.Web\wwwroot\app\index.component.js
C:\Users\Andrei\source\repos\STP Project\Carnival.Web\wwwroot\app\index.component.js.map
C:\Users\Andrei\source\repos\STP Project\Carnival.Web\wwwroot\app\contact.component.js
C:\Users\Andrei\source\repos\STP Project\Carnival.Web\wwwroot\app\contact.component.js.map
C:\Users\Andrei\source\repos\STP Project\Carnival.Web\wwwroot\app\models\LoginViewModel.js
C:\Users\Andrei\source\repos\STP Project\Carnival.Web\wwwroot\app\models\LoginViewModel.js.map
C:\Users\Andrei\source\repos\STP Project\Carnival.Web\wwwroot\app\login.component.js
C:\Users\Andrei\source\repos\STP Project\Carnival.Web\wwwroot\app\login.component.js.map
C:\Users\Andrei\source\repos\STP Project\Carnival.Web\wwwroot\app\models\RegisterViewModel.js
C:\Users\Andrei\source\repos\STP Project\Carnival.Web\wwwroot\app\models\RegisterViewModel.js.map
C:\Users\Andrei\source\repos\STP Project\Carnival.Web\wwwroot\app\register.component.js
C:\Users\Andrei\source\repos\STP Project\Carnival.Web\wwwroot\app\register.component.js.map
C:\Users\Andrei\source\repos\STP Project\Carnival.Web\wwwroot\app\models\ChangePasswordViewModel.js
C:\Users\Andrei\source\repos\STP Project\Carnival.Web\wwwroot\app\models\ChangePasswordViewModel.js.map
C:\Users\Andrei\source\repos\STP Project\Carnival.Web\wwwroot\app\changePassword.component.js
C:\Users\Andrei\source\repos\STP Project\Carnival.Web\wwwroot\app\changePassword.component.js.map
C:\Users\Andrei\source\repos\STP Project\Carnival.Web\wwwroot\app\manage.component.js
C:\Users\Andrei\source\repos\STP Project\Carnival.Web\wwwroot\app\manage.component.js.map
C:\Users\Andrei\source\repos\STP Project\Carnival.Web\wwwroot\app\app.routing.js
C:\Users\Andrei\source\repos\STP Project\Carnival.Web\wwwroot\app\app.routing.js.map
C:\Users\Andrei\source\repos\STP Project\Carnival.Web\wwwroot\app\app.component.js
C:\Users\Andrei\source\repos\STP Project\Carnival.Web\wwwroot\app\app.component.js.map
C:\Users\Andrei\source\repos\STP Project\Carnival.Web\wwwroot\app\rxjs-operators.js
C:\Users\Andrei\source\repos\STP Project\Carnival.Web\wwwroot\app\rxjs-operators.js.map
C:\Users\Andrei\source\repos\STP Project\Carnival.Web\wwwroot\app\app.module.js
C:\Users\Andrei\source\repos\STP Project\Carnival.Web\wwwroot\app\app.module.js.map
C:\Users\Andrei\source\repos\STP Project\Carnival.Web\wwwroot\main.js
C:\Users\Andrei\source\repos\STP Project\Carnival.Web\wwwroot\main.js.map
C:\Users\Andrei\source\repos\STP Project\Carnival.Web\wwwroot\app\models\Profile.js
C:\Users\Andrei\source\repos\STP Project\Carnival.Web\wwwroot\app\models\Profile.js.map
C:\Users\Andrei\source\repos\STP Project\Carnival.Web\wwwroot\app\profile.component.js
C:\Users\Andrei\source\repos\STP Project\Carnival.Web\wwwroot\app\profile.component.js.map
C:\Users\Andrei\source\repos\STP Project\Carnival.Web\wwwroot\app\services\Profile.service.js
C:\Users\Andrei\source\repos\STP Project\Carnival.Web\wwwroot\app\services\Profile.service.js.map
C:\Users\Andrei\source\repos\STP Project\Carnival.Web\wwwroot\app\security\OpenIdDictToken.js
C:\Users\Andrei\source\repos\STP Project\Carnival.Web\wwwroot\app\security\OpenIdDictToken.js.map
C:\Users\Andrei\source\repos\STP Project\Carnival.Web\wwwroot\app\security\auth.service.js
C:\Users\Andrei\source\repos\STP Project\Carnival.Web\wwwroot\app\security\auth.service.js.map
C:\Users\Andrei\source\repos\STP Project\Carnival.Web\wwwroot\app\security\auth-guard.service.js
C:\Users\Andrei\source\repos\STP Project\Carnival.Web\wwwroot\app\security\auth-guard.service.js.map
C:\Users\Andrei\source\repos\STP Project\Carnival.Web\wwwroot\app\models\testData.js
C:\Users\Andrei\source\repos\STP Project\Carnival.Web\wwwroot\app\models\testData.js.map
C:\Users\Andrei\source\repos\STP Project\Carnival.Web\wwwroot\app\services\sampleData.service.js
C:\Users\Andrei\source\repos\STP Project\Carnival.Web\wwwroot\app\services\sampleData.service.js.map
C:\Users\Andrei\source\repos\STP Project\Carnival.Web\wwwroot\app\models\viewModelResponse.js
C:\Users\Andrei\source\repos\STP Project\Carnival.Web\wwwroot\app\models\viewModelResponse.js.map
C:\Users\Andrei\source\repos\STP Project\Carnival.Web\wwwroot\app\models\errorResponse.js
C:\Users\Andrei\source\repos\STP Project\Carnival.Web\wwwroot\app\models\errorResponse.js.map
C:\Users\Andrei\source\repos\STP Project\Carnival.Web\wwwroot\app\services\ErrorMessageService.js
C:\Users\Andrei\source\repos\STP Project\Carnival.Web\wwwroot\app\services\ErrorMessageService.js.map
C:\Users\Andrei\source\repos\STP Project\Carnival.Web\wwwroot\app\about.component.js
C:\Users\Andrei\source\repos\STP Project\Carnival.Web\wwwroot\app\about.component.js.map
C:\Users\Andrei\source\repos\STP Project\Carnival.Web\wwwroot\app\index.component.js
C:\Users\Andrei\source\repos\STP Project\Carnival.Web\wwwroot\app\index.component.js.map
C:\Users\Andrei\source\repos\STP Project\Carnival.Web\wwwroot\app\models\Profile.js
C:\Users\Andrei\source\repos\STP Project\Carnival.Web\wwwroot\app\models\Profile.js.map
C:\Users\Andrei\source\repos\STP Project\Carnival.Web\wwwroot\app\services\profile.service.js
C:\Users\Andrei\source\repos\STP Project\Carnival.Web\wwwroot\app\services\profile.service.js.map
C:\Users\Andrei\source\repos\STP Project\Carnival.Web\wwwroot\app\profile.component.js
C:\Users\Andrei\source\repos\STP Project\Carnival.Web\wwwroot\app\profile.component.js.map
C:\Users\Andrei\source\repos\STP Project\Carnival.Web\wwwroot\app\contact.component.js
C:\Users\Andrei\source\repos\STP Project\Carnival.Web\wwwroot\app\contact.component.js.map
C:\Users\Andrei\source\repos\STP Project\Carnival.Web\wwwroot\app\models\LoginViewModel.js
C:\Users\Andrei\source\repos\STP Project\Carnival.Web\wwwroot\app\models\LoginViewModel.js.map
C:\Users\Andrei\source\repos\STP Project\Carnival.Web\wwwroot\app\login.component.js
C:\Users\Andrei\source\repos\STP Project\Carnival.Web\wwwroot\app\login.component.js.map
C:\Users\Andrei\source\repos\STP Project\Carnival.Web\wwwroot\app\models\RegisterViewModel.js
C:\Users\Andrei\source\repos\STP Project\Carnival.Web\wwwroot\app\models\RegisterViewModel.js.map
C:\Users\Andrei\source\repos\STP Project\Carnival.Web\wwwroot\app\register.component.js
C:\Users\Andrei\source\repos\STP Project\Carnival.Web\wwwroot\app\register.component.js.map
C:\Users\Andrei\source\repos\STP Project\Carnival.Web\wwwroot\app\models\ChangePasswordViewModel.js
C:\Users\Andrei\source\repos\STP Project\Carnival.Web\wwwroot\app\models\ChangePasswordViewModel.js.map
C:\Users\Andrei\source\repos\STP Project\Carnival.Web\wwwroot\app\changePassword.component.js
C:\Users\Andrei\source\repos\STP Project\Carnival.Web\wwwroot\app\changePassword.component.js.map
C:\Users\Andrei\source\repos\STP Project\Carnival.Web\wwwroot\app\manage.component.js
C:\Users\Andrei\source\repos\STP Project\Carnival.Web\wwwroot\app\manage.component.js.map
C:\Users\Andrei\source\repos\STP Project\Carnival.Web\wwwroot\app\app.routing.js
C:\Users\Andrei\source\repos\STP Project\Carnival.Web\wwwroot\app\app.routing.js.map
C:\Users\Andrei\source\repos\STP Project\Carnival.Web\wwwroot\app\app.component.js
C:\Users\Andrei\source\repos\STP Project\Carnival.Web\wwwroot\app\app.component.js.map
C:\Users\Andrei\source\repos\STP Project\Carnival.Web\wwwroot\app\rxjs-operators.js
C:\Users\Andrei\source\repos\STP Project\Carnival.Web\wwwroot\app\rxjs-operators.js.map
C:\Users\Andrei\source\repos\STP Project\Carnival.Web\wwwroot\app\app.module.js
C:\Users\Andrei\source\repos\STP Project\Carnival.Web\wwwroot\app\app.module.js.map
C:\Users\Andrei\source\repos\STP Project\Carnival.Web\wwwroot\main.js
C:\Users\Andrei\source\repos\STP Project\Carnival.Web\wwwroot\main.js.map
C:\Users\Andrei\source\repos\STP Project\Carnival.Web\wwwroot\app\security\OpenIdDictToken.js
C:\Users\Andrei\source\repos\STP Project\Carnival.Web\wwwroot\app\security\OpenIdDictToken.js.map
C:\Users\Andrei\source\repos\STP Project\Carnival.Web\wwwroot\app\security\auth.service.js
C:\Users\Andrei\source\repos\STP Project\Carnival.Web\wwwroot\app\security\auth.service.js.map
C:\Users\Andrei\source\repos\STP Project\Carnival.Web\wwwroot\app\security\auth-guard.service.js
C:\Users\Andrei\source\repos\STP Project\Carnival.Web\wwwroot\app\security\auth-guard.service.js.map
C:\Users\Andrei\source\repos\STP Project\Carnival.Web\wwwroot\app\models\testData.js
C:\Users\Andrei\source\repos\STP Project\Carnival.Web\wwwroot\app\models\testData.js.map
C:\Users\Andrei\source\repos\STP Project\Carnival.Web\wwwroot\app\services\sampleData.service.js
C:\Users\Andrei\source\repos\STP Project\Carnival.Web\wwwroot\app\services\sampleData.service.js.map
C:\Users\Andrei\source\repos\STP Project\Carnival.Web\wwwroot\app\models\viewModelResponse.js
C:\Users\Andrei\source\repos\STP Project\Carnival.Web\wwwroot\app\models\viewModelResponse.js.map
C:\Users\Andrei\source\repos\STP Project\Carnival.Web\wwwroot\app\models\errorResponse.js
C:\Users\Andrei\source\repos\STP Project\Carnival.Web\wwwroot\app\models\errorResponse.js.map
C:\Users\Andrei\source\repos\STP Project\Carnival.Web\wwwroot\app\services\ErrorMessageService.js
C:\Users\Andrei\source\repos\STP Project\Carnival.Web\wwwroot\app\services\ErrorMessageService.js.map
C:\Users\Andrei\source\repos\STP Project\Carnival.Web\wwwroot\app\about.component.js
C:\Users\Andrei\source\repos\STP Project\Carnival.Web\wwwroot\app\about.component.js.map
C:\Users\Andrei\source\repos\STP Project\Carnival.Web\wwwroot\app\index.component.js
C:\Users\Andrei\source\repos\STP Project\Carnival.Web\wwwroot\app\index.component.js.map
C:\Users\Andrei\source\repos\STP Project\Carnival.Web\wwwroot\app\models\Profile.js
C:\Users\Andrei\source\repos\STP Project\Carnival.Web\wwwroot\app\models\Profile.js.map
C:\Users\Andrei\source\repos\STP Project\Carnival.Web\wwwroot\app\services\profile.service.js
C:\Users\Andrei\source\repos\STP Project\Carnival.Web\wwwroot\app\services\profile.service.js.map
C:\Users\Andrei\source\repos\STP Project\Carnival.Web\wwwroot\app\profile.component.js
C:\Users\Andrei\source\repos\STP Project\Carnival.Web\wwwroot\app\profile.component.js.map
C:\Users\Andrei\source\repos\STP Project\Carnival.Web\wwwroot\app\contact.component.js
C:\Users\Andrei\source\repos\STP Project\Carnival.Web\wwwroot\app\contact.component.js.map
C:\Users\Andrei\source\repos\STP Project\Carnival.Web\wwwroot\app\models\LoginViewModel.js
C:\Users\Andrei\source\repos\STP Project\Carnival.Web\wwwroot\app\models\LoginViewModel.js.map
C:\Users\Andrei\source\repos\STP Project\Carnival.Web\wwwroot\app\login.component.js
C:\Users\Andrei\source\repos\STP Project\Carnival.Web\wwwroot\app\login.component.js.map
C:\Users\Andrei\source\repos\STP Project\Carnival.Web\wwwroot\app\models\RegisterViewModel.js
C:\Users\Andrei\source\repos\STP Project\Carnival.Web\wwwroot\app\models\RegisterViewModel.js.map
C:\Users\Andrei\source\repos\STP Project\Carnival.Web\wwwroot\app\register.component.js
C:\Users\Andrei\source\repos\STP Project\Carnival.Web\wwwroot\app\register.component.js.map
C:\Users\Andrei\source\repos\STP Project\Carnival.Web\wwwroot\app\models\ChangePasswordViewModel.js
C:\Users\Andrei\source\repos\STP Project\Carnival.Web\wwwroot\app\models\ChangePasswordViewModel.js.map
C:\Users\Andrei\source\repos\STP Project\Carnival.Web\wwwroot\app\changePassword.component.js
C:\Users\Andrei\source\repos\STP Project\Carnival.Web\wwwroot\app\changePassword.component.js.map
C:\Users\Andrei\source\repos\STP Project\Carnival.Web\wwwroot\app\manage.component.js
C:\Users\Andrei\source\repos\STP Project\Carnival.Web\wwwroot\app\manage.component.js.map
C:\Users\Andrei\source\repos\STP Project\Carnival.Web\wwwroot\app\app.routing.js
C:\Users\Andrei\source\repos\STP Project\Carnival.Web\wwwroot\app\app.routing.js.map
C:\Users\Andrei\source\repos\STP Project\Carnival.Web\wwwroot\app\app.component.js
C:\Users\Andrei\source\repos\STP Project\Carnival.Web\wwwroot\app\app.component.js.map
C:\Users\Andrei\source\repos\STP Project\Carnival.Web\wwwroot\app\rxjs-operators.js
C:\Users\Andrei\source\repos\STP Project\Carnival.Web\wwwroot\app\rxjs-operators.js.map
C:\Users\Andrei\source\repos\STP Project\Carnival.Web\wwwroot\app\app.module.js
C:\Users\Andrei\source\repos\STP Project\Carnival.Web\wwwroot\app\app.module.js.map
C:\Users\Andrei\source\repos\STP Project\Carnival.Web\wwwroot\main.js
C:\Users\Andrei\source\repos\STP Project\Carnival.Web\wwwroot\main.js.map
C:\Users\Andrei\source\repos\STP Project\Carnival.Web\wwwroot\app\security\OpenIdDictToken.js
C:\Users\Andrei\source\repos\STP Project\Carnival.Web\wwwroot\app\security\OpenIdDictToken.js.map
C:\Users\Andrei\source\repos\STP Project\Carnival.Web\wwwroot\app\security\auth.service.js
C:\Users\Andrei\source\repos\STP Project\Carnival.Web\wwwroot\app\security\auth.service.js.map
C:\Users\Andrei\source\repos\STP Project\Carnival.Web\wwwroot\app\security\auth-guard.service.js
C:\Users\Andrei\source\repos\STP Project\Carnival.Web\wwwroot\app\security\auth-guard.service.js.map
C:\Users\Andrei\source\repos\STP Project\Carnival.Web\wwwroot\app\models\testData.js
C:\Users\Andrei\source\repos\STP Project\Carnival.Web\wwwroot\app\models\testData.js.map
C:\Users\Andrei\source\repos\STP Project\Carnival.Web\wwwroot\app\services\sampleData.service.js
C:\Users\Andrei\source\repos\STP Project\Carnival.Web\wwwroot\app\services\sampleData.service.js.map
C:\Users\Andrei\source\repos\STP Project\Carnival.Web\wwwroot\app\models\viewModelResponse.js
C:\Users\Andrei\source\repos\STP Project\Carnival.Web\wwwroot\app\models\viewModelResponse.js.map
C:\Users\Andrei\source\repos\STP Project\Carnival.Web\wwwroot\app\models\errorResponse.js
C:\Users\Andrei\source\repos\STP Project\Carnival.Web\wwwroot\app\models\errorResponse.js.map
C:\Users\Andrei\source\repos\STP Project\Carnival.Web\wwwroot\app\services\ErrorMessageService.js
C:\Users\Andrei\source\repos\STP Project\Carnival.Web\wwwroot\app\services\ErrorMessageService.js.map
C:\Users\Andrei\source\repos\STP Project\Carnival.Web\wwwroot\app\about.component.js
C:\Users\Andrei\source\repos\STP Project\Carnival.Web\wwwroot\app\about.component.js.map
C:\Users\Andrei\source\repos\STP Project\Carnival.Web\wwwroot\app\index.component.js
C:\Users\Andrei\source\repos\STP Project\Carnival.Web\wwwroot\app\index.component.js.map
C:\Users\Andrei\source\repos\STP Project\Carnival.Web\wwwroot\app\models\Profile.js
C:\Users\Andrei\source\repos\STP Project\Carnival.Web\wwwroot\app\models\Profile.js.map
C:\Users\Andrei\source\repos\STP Project\Carnival.Web\wwwroot\app\services\profile.service.js
C:\Users\Andrei\source\repos\STP Project\Carnival.Web\wwwroot\app\services\profile.service.js.map
C:\Users\Andrei\source\repos\STP Project\Carnival.Web\wwwroot\app\profile.component.js
C:\Users\Andrei\source\repos\STP Project\Carnival.Web\wwwroot\app\profile.component.js.map
C:\Users\Andrei\source\repos\STP Project\Carnival.Web\wwwroot\app\contact.component.js
C:\Users\Andrei\source\repos\STP Project\Carnival.Web\wwwroot\app\contact.component.js.map
C:\Users\Andrei\source\repos\STP Project\Carnival.Web\wwwroot\app\models\LoginViewModel.js
C:\Users\Andrei\source\repos\STP Project\Carnival.Web\wwwroot\app\models\LoginViewModel.js.map
C:\Users\Andrei\source\repos\STP Project\Carnival.Web\wwwroot\app\login.component.js
C:\Users\Andrei\source\repos\STP Project\Carnival.Web\wwwroot\app\login.component.js.map
C:\Users\Andrei\source\repos\STP Project\Carnival.Web\wwwroot\app\models\RegisterViewModel.js
C:\Users\Andrei\source\repos\STP Project\Carnival.Web\wwwroot\app\models\RegisterViewModel.js.map
C:\Users\Andrei\source\repos\STP Project\Carnival.Web\wwwroot\app\register.component.js
C:\Users\Andrei\source\repos\STP Project\Carnival.Web\wwwroot\app\register.component.js.map
C:\Users\Andrei\source\repos\STP Project\Carnival.Web\wwwroot\app\models\ChangePasswordViewModel.js
C:\Users\Andrei\source\repos\STP Project\Carnival.Web\wwwroot\app\models\ChangePasswordViewModel.js.map
C:\Users\Andrei\source\repos\STP Project\Carnival.Web\wwwroot\app\changePassword.component.js
C:\Users\Andrei\source\repos\STP Project\Carnival.Web\wwwroot\app\changePassword.component.js.map
C:\Users\Andrei\source\repos\STP Project\Carnival.Web\wwwroot\app\manage.component.js
C:\Users\Andrei\source\repos\STP Project\Carnival.Web\wwwroot\app\manage.component.js.map
C:\Users\Andrei\source\repos\STP Project\Carnival.Web\wwwroot\app\app.routing.js
C:\Users\Andrei\source\repos\STP Project\Carnival.Web\wwwroot\app\app.routing.js.map
C:\Users\Andrei\source\repos\STP Project\Carnival.Web\wwwroot\app\app.component.js
C:\Users\Andrei\source\repos\STP Project\Carnival.Web\wwwroot\app\app.component.js.map
C:\Users\Andrei\source\repos\STP Project\Carnival.Web\wwwroot\app\rxjs-operators.js
C:\Users\Andrei\source\repos\STP Project\Carnival.Web\wwwroot\app\rxjs-operators.js.map
C:\Users\Andrei\source\repos\STP Project\Carnival.Web\wwwroot\app\app.module.js
C:\Users\Andrei\source\repos\STP Project\Carnival.Web\wwwroot\app\app.module.js.map
C:\Users\Andrei\source\repos\STP Project\Carnival.Web\wwwroot\main.js
C:\Users\Andrei\source\repos\STP Project\Carnival.Web\wwwroot\main.js.map
C:\Users\Andrei\source\repos\STP Project\Carnival.Web\wwwroot\app\security\OpenIdDictToken.js
C:\Users\Andrei\source\repos\STP Project\Carnival.Web\wwwroot\app\security\OpenIdDictToken.js.map
C:\Users\Andrei\source\repos\STP Project\Carnival.Web\wwwroot\app\security\auth.service.js
C:\Users\Andrei\source\repos\STP Project\Carnival.Web\wwwroot\app\security\auth.service.js.map
C:\Users\Andrei\source\repos\STP Project\Carnival.Web\wwwroot\app\security\auth-guard.service.js
C:\Users\Andrei\source\repos\STP Project\Carnival.Web\wwwroot\app\security\auth-guard.service.js.map
C:\Users\Andrei\source\repos\STP Project\Carnival.Web\wwwroot\app\models\testData.js
C:\Users\Andrei\source\repos\STP Project\Carnival.Web\wwwroot\app\models\testData.js.map
C:\Users\Andrei\source\repos\STP Project\Carnival.Web\wwwroot\app\services\sampleData.service.js
C:\Users\Andrei\source\repos\STP Project\Carnival.Web\wwwroot\app\services\sampleData.service.js.map
C:\Users\Andrei\source\repos\STP Project\Carnival.Web\wwwroot\app\models\viewModelResponse.js
C:\Users\Andrei\source\repos\STP Project\Carnival.Web\wwwroot\app\models\viewModelResponse.js.map
C:\Users\Andrei\source\repos\STP Project\Carnival.Web\wwwroot\app\models\errorResponse.js
C:\Users\Andrei\source\repos\STP Project\Carnival.Web\wwwroot\app\models\errorResponse.js.map
C:\Users\Andrei\source\repos\STP Project\Carnival.Web\wwwroot\app\services\ErrorMessageService.js
C:\Users\Andrei\source\repos\STP Project\Carnival.Web\wwwroot\app\services\ErrorMessageService.js.map
C:\Users\Andrei\source\repos\STP Project\Carnival.Web\wwwroot\app\about.component.js
C:\Users\Andrei\source\repos\STP Project\Carnival.Web\wwwroot\app\about.component.js.map
C:\Users\Andrei\source\repos\STP Project\Carnival.Web\wwwroot\app\index.component.js
C:\Users\Andrei\source\repos\STP Project\Carnival.Web\wwwroot\app\index.component.js.map
C:\Users\Andrei\source\repos\STP Project\Carnival.Web\wwwroot\app\models\Profile.js
C:\Users\Andrei\source\repos\STP Project\Carnival.Web\wwwroot\app\models\Profile.js.map
C:\Users\Andrei\source\repos\STP Project\Carnival.Web\wwwroot\app\services\profile.service.js
C:\Users\Andrei\source\repos\STP Project\Carnival.Web\wwwroot\app\services\profile.service.js.map
C:\Users\Andrei\source\repos\STP Project\Carnival.Web\wwwroot\app\profile.component.js
C:\Users\Andrei\source\repos\STP Project\Carnival.Web\wwwroot\app\profile.component.js.map
C:\Users\Andrei\source\repos\STP Project\Carnival.Web\wwwroot\app\contact.component.js
C:\Users\Andrei\source\repos\STP Project\Carnival.Web\wwwroot\app\contact.component.js.map
C:\Users\Andrei\source\repos\STP Project\Carnival.Web\wwwroot\app\models\LoginViewModel.js
C:\Users\Andrei\source\repos\STP Project\Carnival.Web\wwwroot\app\models\LoginViewModel.js.map
C:\Users\Andrei\source\repos\STP Project\Carnival.Web\wwwroot\app\login.component.js
C:\Users\Andrei\source\repos\STP Project\Carnival.Web\wwwroot\app\login.component.js.map
C:\Users\Andrei\source\repos\STP Project\Carnival.Web\wwwroot\app\models\RegisterViewModel.js
C:\Users\Andrei\source\repos\STP Project\Carnival.Web\wwwroot\app\models\RegisterViewModel.js.map
C:\Users\Andrei\source\repos\STP Project\Carnival.Web\wwwroot\app\register.component.js
C:\Users\Andrei\source\repos\STP Project\Carnival.Web\wwwroot\app\register.component.js.map
C:\Users\Andrei\source\repos\STP Project\Carnival.Web\wwwroot\app\models\ChangePasswordViewModel.js
C:\Users\Andrei\source\repos\STP Project\Carnival.Web\wwwroot\app\models\ChangePasswordViewModel.js.map
C:\Users\Andrei\source\repos\STP Project\Carnival.Web\wwwroot\app\changePassword.component.js
C:\Users\Andrei\source\repos\STP Project\Carnival.Web\wwwroot\app\changePassword.component.js.map
C:\Users\Andrei\source\repos\STP Project\Carnival.Web\wwwroot\app\manage.component.js
C:\Users\Andrei\source\repos\STP Project\Carnival.Web\wwwroot\app\manage.component.js.map
C:\Users\Andrei\source\repos\STP Project\Carnival.Web\wwwroot\app\app.routing.js
C:\Users\Andrei\source\repos\STP Project\Carnival.Web\wwwroot\app\app.routing.js.map
C:\Users\Andrei\source\repos\STP Project\Carnival.Web\wwwroot\app\app.component.js
C:\Users\Andrei\source\repos\STP Project\Carnival.Web\wwwroot\app\app.component.js.map
C:\Users\Andrei\source\repos\STP Project\Carnival.Web\wwwroot\app\rxjs-operators.js
C:\Users\Andrei\source\repos\STP Project\Carnival.Web\wwwroot\app\rxjs-operators.js.map
C:\Users\Andrei\source\repos\STP Project\Carnival.Web\wwwroot\app\app.module.js
C:\Users\Andrei\source\repos\STP Project\Carnival.Web\wwwroot\app\app.module.js.map
C:\Users\Andrei\source\repos\STP Project\Carnival.Web\wwwroot\main.js
C:\Users\Andrei\source\repos\STP Project\Carnival.Web\wwwroot\main.js.map
C:\Users\Andrei\source\repos\STP Project\Carnival.Web\wwwroot\app\security\OpenIdDictToken.js
C:\Users\Andrei\source\repos\STP Project\Carnival.Web\wwwroot\app\security\OpenIdDictToken.js.map
C:\Users\Andrei\source\repos\STP Project\Carnival.Web\wwwroot\app\security\auth.service.js
C:\Users\Andrei\source\repos\STP Project\Carnival.Web\wwwroot\app\security\auth.service.js.map
C:\Users\Andrei\source\repos\STP Project\Carnival.Web\wwwroot\app\security\auth-guard.service.js
C:\Users\Andrei\source\repos\STP Project\Carnival.Web\wwwroot\app\security\auth-guard.service.js.map
C:\Users\Andrei\source\repos\STP Project\Carnival.Web\wwwroot\app\models\testData.js
C:\Users\Andrei\source\repos\STP Project\Carnival.Web\wwwroot\app\models\testData.js.map
C:\Users\Andrei\source\repos\STP Project\Carnival.Web\wwwroot\app\services\sampleData.service.js
C:\Users\Andrei\source\repos\STP Project\Carnival.Web\wwwroot\app\services\sampleData.service.js.map
C:\Users\Andrei\source\repos\STP Project\Carnival.Web\wwwroot\app\models\viewModelResponse.js
C:\Users\Andrei\source\repos\STP Project\Carnival.Web\wwwroot\app\models\viewModelResponse.js.map
C:\Users\Andrei\source\repos\STP Project\Carnival.Web\wwwroot\app\models\errorResponse.js
C:\Users\Andrei\source\repos\STP Project\Carnival.Web\wwwroot\app\models\errorResponse.js.map
C:\Users\Andrei\source\repos\STP Project\Carnival.Web\wwwroot\app\services\ErrorMessageService.js
C:\Users\Andrei\source\repos\STP Project\Carnival.Web\wwwroot\app\services\ErrorMessageService.js.map
C:\Users\Andrei\source\repos\STP Project\Carnival.Web\wwwroot\app\about.component.js
C:\Users\Andrei\source\repos\STP Project\Carnival.Web\wwwroot\app\about.component.js.map
C:\Users\Andrei\source\repos\STP Project\Carnival.Web\wwwroot\app\index.component.js
C:\Users\Andrei\source\repos\STP Project\Carnival.Web\wwwroot\app\index.component.js.map
C:\Users\Andrei\source\repos\STP Project\Carnival.Web\wwwroot\app\models\Profile.js
C:\Users\Andrei\source\repos\STP Project\Carnival.Web\wwwroot\app\models\Profile.js.map
C:\Users\Andrei\source\repos\STP Project\Carnival.Web\wwwroot\app\services\profile.service.js
C:\Users\Andrei\source\repos\STP Project\Carnival.Web\wwwroot\app\services\profile.service.js.map
C:\Users\Andrei\source\repos\STP Project\Carnival.Web\wwwroot\app\profile.component.js
C:\Users\Andrei\source\repos\STP Project\Carnival.Web\wwwroot\app\profile.component.js.map
C:\Users\Andrei\source\repos\STP Project\Carnival.Web\wwwroot\app\contact.component.js
C:\Users\Andrei\source\repos\STP Project\Carnival.Web\wwwroot\app\contact.component.js.map
C:\Users\Andrei\source\repos\STP Project\Carnival.Web\wwwroot\app\models\LoginViewModel.js
C:\Users\Andrei\source\repos\STP Project\Carnival.Web\wwwroot\app\models\LoginViewModel.js.map
C:\Users\Andrei\source\repos\STP Project\Carnival.Web\wwwroot\app\login.component.js
C:\Users\Andrei\source\repos\STP Project\Carnival.Web\wwwroot\app\login.component.js.map
C:\Users\Andrei\source\repos\STP Project\Carnival.Web\wwwroot\app\models\RegisterViewModel.js
C:\Users\Andrei\source\repos\STP Project\Carnival.Web\wwwroot\app\models\RegisterViewModel.js.map
C:\Users\Andrei\source\repos\STP Project\Carnival.Web\wwwroot\app\register.component.js
C:\Users\Andrei\source\repos\STP Project\Carnival.Web\wwwroot\app\register.component.js.map
C:\Users\Andrei\source\repos\STP Project\Carnival.Web\wwwroot\app\models\ChangePasswordViewModel.js
C:\Users\Andrei\source\repos\STP Project\Carnival.Web\wwwroot\app\models\ChangePasswordViewModel.js.map
C:\Users\Andrei\source\repos\STP Project\Carnival.Web\wwwroot\app\changePassword.component.js
C:\Users\Andrei\source\repos\STP Project\Carnival.Web\wwwroot\app\changePassword.component.js.map
C:\Users\Andrei\source\repos\STP Project\Carnival.Web\wwwroot\app\manage.component.js
C:\Users\Andrei\source\repos\STP Project\Carnival.Web\wwwroot\app\manage.component.js.map
C:\Users\Andrei\source\repos\STP Project\Carnival.Web\wwwroot\app\app.routing.js
C:\Users\Andrei\source\repos\STP Project\Carnival.Web\wwwroot\app\app.routing.js.map
C:\Users\Andrei\source\repos\STP Project\Carnival.Web\wwwroot\app\app.component.js
C:\Users\Andrei\source\repos\STP Project\Carnival.Web\wwwroot\app\app.component.js.map
C:\Users\Andrei\source\repos\STP Project\Carnival.Web\wwwroot\app\rxjs-operators.js
C:\Users\Andrei\source\repos\STP Project\Carnival.Web\wwwroot\app\rxjs-operators.js.map
C:\Users\Andrei\source\repos\STP Project\Carnival.Web\wwwroot\app\app.module.js
C:\Users\Andrei\source\repos\STP Project\Carnival.Web\wwwroot\app\app.module.js.map
C:\Users\Andrei\source\repos\STP Project\Carnival.Web\wwwroot\main.js
C:\Users\Andrei\source\repos\STP Project\Carnival.Web\wwwroot\main.js.map
C:\Users\Andrei\source\repos\STP Project\Carnival.Web\wwwroot\app\security\OpenIdDictToken.js
C:\Users\Andrei\source\repos\STP Project\Carnival.Web\wwwroot\app\security\OpenIdDictToken.js.map
C:\Users\Andrei\source\repos\STP Project\Carnival.Web\wwwroot\app\security\auth.service.js
C:\Users\Andrei\source\repos\STP Project\Carnival.Web\wwwroot\app\security\auth.service.js.map
C:\Users\Andrei\source\repos\STP Project\Carnival.Web\wwwroot\app\security\auth-guard.service.js
C:\Users\Andrei\source\repos\STP Project\Carnival.Web\wwwroot\app\security\auth-guard.service.js.map
C:\Users\Andrei\source\repos\STP Project\Carnival.Web\wwwroot\app\models\testData.js
C:\Users\Andrei\source\repos\STP Project\Carnival.Web\wwwroot\app\models\testData.js.map
C:\Users\Andrei\source\repos\STP Project\Carnival.Web\wwwroot\app\services\sampleData.service.js
C:\Users\Andrei\source\repos\STP Project\Carnival.Web\wwwroot\app\services\sampleData.service.js.map
C:\Users\Andrei\source\repos\STP Project\Carnival.Web\wwwroot\app\models\viewModelResponse.js
C:\Users\Andrei\source\repos\STP Project\Carnival.Web\wwwroot\app\models\viewModelResponse.js.map
C:\Users\Andrei\source\repos\STP Project\Carnival.Web\wwwroot\app\models\errorResponse.js
C:\Users\Andrei\source\repos\STP Project\Carnival.Web\wwwroot\app\models\errorResponse.js.map
C:\Users\Andrei\source\repos\STP Project\Carnival.Web\wwwroot\app\services\ErrorMessageService.js
C:\Users\Andrei\source\repos\STP Project\Carnival.Web\wwwroot\app\services\ErrorMessageService.js.map
C:\Users\Andrei\source\repos\STP Project\Carnival.Web\wwwroot\app\about.component.js
C:\Users\Andrei\source\repos\STP Project\Carnival.Web\wwwroot\app\about.component.js.map
C:\Users\Andrei\source\repos\STP Project\Carnival.Web\wwwroot\app\index.component.js
C:\Users\Andrei\source\repos\STP Project\Carnival.Web\wwwroot\app\index.component.js.map
C:\Users\Andrei\source\repos\STP Project\Carnival.Web\wwwroot\app\models\Profile.js
C:\Users\Andrei\source\repos\STP Project\Carnival.Web\wwwroot\app\models\Profile.js.map
C:\Users\Andrei\source\repos\STP Project\Carnival.Web\wwwroot\app\services\profile.service.js
C:\Users\Andrei\source\repos\STP Project\Carnival.Web\wwwroot\app\services\profile.service.js.map
C:\Users\Andrei\source\repos\STP Project\Carnival.Web\wwwroot\app\profile.component.js
C:\Users\Andrei\source\repos\STP Project\Carnival.Web\wwwroot\app\profile.component.js.map
C:\Users\Andrei\source\repos\STP Project\Carnival.Web\wwwroot\app\contact.component.js
C:\Users\Andrei\source\repos\STP Project\Carnival.Web\wwwroot\app\contact.component.js.map
C:\Users\Andrei\source\repos\STP Project\Carnival.Web\wwwroot\app\models\LoginViewModel.js
C:\Users\Andrei\source\repos\STP Project\Carnival.Web\wwwroot\app\models\LoginViewModel.js.map
C:\Users\Andrei\source\repos\STP Project\Carnival.Web\wwwroot\app\login.component.js
C:\Users\Andrei\source\repos\STP Project\Carnival.Web\wwwroot\app\login.component.js.map
C:\Users\Andrei\source\repos\STP Project\Carnival.Web\wwwroot\app\models\RegisterViewModel.js
C:\Users\Andrei\source\repos\STP Project\Carnival.Web\wwwroot\app\models\RegisterViewModel.js.map
C:\Users\Andrei\source\repos\STP Project\Carnival.Web\wwwroot\app\register.component.js
C:\Users\Andrei\source\repos\STP Project\Carnival.Web\wwwroot\app\register.component.js.map
C:\Users\Andrei\source\repos\STP Project\Carnival.Web\wwwroot\app\models\ChangePasswordViewModel.js
C:\Users\Andrei\source\repos\STP Project\Carnival.Web\wwwroot\app\models\ChangePasswordViewModel.js.map
C:\Users\Andrei\source\repos\STP Project\Carnival.Web\wwwroot\app\changePassword.component.js
C:\Users\Andrei\source\repos\STP Project\Carnival.Web\wwwroot\app\changePassword.component.js.map
C:\Users\Andrei\source\repos\STP Project\Carnival.Web\wwwroot\app\manage.component.js
C:\Users\Andrei\source\repos\STP Project\Carnival.Web\wwwroot\app\manage.component.js.map
C:\Users\Andrei\source\repos\STP Project\Carnival.Web\wwwroot\app\app.routing.js
C:\Users\Andrei\source\repos\STP Project\Carnival.Web\wwwroot\app\app.routing.js.map
C:\Users\Andrei\source\repos\STP Project\Carnival.Web\wwwroot\app\app.component.js
C:\Users\Andrei\source\repos\STP Project\Carnival.Web\wwwroot\app\app.component.js.map
C:\Users\Andrei\source\repos\STP Project\Carnival.Web\wwwroot\app\rxjs-operators.js
C:\Users\Andrei\source\repos\STP Project\Carnival.Web\wwwroot\app\rxjs-operators.js.map
C:\Users\Andrei\source\repos\STP Project\Carnival.Web\wwwroot\app\app.module.js
C:\Users\Andrei\source\repos\STP Project\Carnival.Web\wwwroot\app\app.module.js.map
C:\Users\Andrei\source\repos\STP Project\Carnival.Web\wwwroot\main.js
C:\Users\Andrei\source\repos\STP Project\Carnival.Web\wwwroot\main.js.map
C:\Users\Andrei\source\repos\STP Project\Carnival.Web\wwwroot\app\security\OpenIdDictToken.js
C:\Users\Andrei\source\repos\STP Project\Carnival.Web\wwwroot\app\security\OpenIdDictToken.js.map
C:\Users\Andrei\source\repos\STP Project\Carnival.Web\wwwroot\app\security\auth.service.js
C:\Users\Andrei\source\repos\STP Project\Carnival.Web\wwwroot\app\security\auth.service.js.map
C:\Users\Andrei\source\repos\STP Project\Carnival.Web\wwwroot\app\security\auth-guard.service.js
C:\Users\Andrei\source\repos\STP Project\Carnival.Web\wwwroot\app\security\auth-guard.service.js.map
C:\Users\Andrei\source\repos\STP Project\Carnival.Web\wwwroot\app\models\testData.js
C:\Users\Andrei\source\repos\STP Project\Carnival.Web\wwwroot\app\models\testData.js.map
C:\Users\Andrei\source\repos\STP Project\Carnival.Web\wwwroot\app\services\sampleData.service.js
C:\Users\Andrei\source\repos\STP Project\Carnival.Web\wwwroot\app\services\sampleData.service.js.map
C:\Users\Andrei\source\repos\STP Project\Carnival.Web\wwwroot\app\models\viewModelResponse.js
C:\Users\Andrei\source\repos\STP Project\Carnival.Web\wwwroot\app\models\viewModelResponse.js.map
C:\Users\Andrei\source\repos\STP Project\Carnival.Web\wwwroot\app\models\errorResponse.js
C:\Users\Andrei\source\repos\STP Project\Carnival.Web\wwwroot\app\models\errorResponse.js.map
C:\Users\Andrei\source\repos\STP Project\Carnival.Web\wwwroot\app\services\ErrorMessageService.js
C:\Users\Andrei\source\repos\STP Project\Carnival.Web\wwwroot\app\services\ErrorMessageService.js.map
C:\Users\Andrei\source\repos\STP Project\Carnival.Web\wwwroot\app\about.component.js
C:\Users\Andrei\source\repos\STP Project\Carnival.Web\wwwroot\app\about.component.js.map
C:\Users\Andrei\source\repos\STP Project\Carnival.Web\wwwroot\app\index.component.js
C:\Users\Andrei\source\repos\STP Project\Carnival.Web\wwwroot\app\index.component.js.map
C:\Users\Andrei\source\repos\STP Project\Carnival.Web\wwwroot\app\models\Profile.js
C:\Users\Andrei\source\repos\STP Project\Carnival.Web\wwwroot\app\models\Profile.js.map
C:\Users\Andrei\source\repos\STP Project\Carnival.Web\wwwroot\app\services\profile.service.js
C:\Users\Andrei\source\repos\STP Project\Carnival.Web\wwwroot\app\services\profile.service.js.map
C:\Users\Andrei\source\repos\STP Project\Carnival.Web\wwwroot\app\profile.component.js
C:\Users\Andrei\source\repos\STP Project\Carnival.Web\wwwroot\app\profile.component.js.map
C:\Users\Andrei\source\repos\STP Project\Carnival.Web\wwwroot\app\contact.component.js
C:\Users\Andrei\source\repos\STP Project\Carnival.Web\wwwroot\app\contact.component.js.map
C:\Users\Andrei\source\repos\STP Project\Carnival.Web\wwwroot\app\models\LoginViewModel.js
C:\Users\Andrei\source\repos\STP Project\Carnival.Web\wwwroot\app\models\LoginViewModel.js.map
C:\Users\Andrei\source\repos\STP Project\Carnival.Web\wwwroot\app\login.component.js
C:\Users\Andrei\source\repos\STP Project\Carnival.Web\wwwroot\app\login.component.js.map
C:\Users\Andrei\source\repos\STP Project\Carnival.Web\wwwroot\app\models\RegisterViewModel.js
C:\Users\Andrei\source\repos\STP Project\Carnival.Web\wwwroot\app\models\RegisterViewModel.js.map
C:\Users\Andrei\source\repos\STP Project\Carnival.Web\wwwroot\app\register.component.js
C:\Users\Andrei\source\repos\STP Project\Carnival.Web\wwwroot\app\register.component.js.map
C:\Users\Andrei\source\repos\STP Project\Carnival.Web\wwwroot\app\models\ChangePasswordViewModel.js
C:\Users\Andrei\source\repos\STP Project\Carnival.Web\wwwroot\app\models\ChangePasswordViewModel.js.map
C:\Users\Andrei\source\repos\STP Project\Carnival.Web\wwwroot\app\changePassword.component.js
C:\Users\Andrei\source\repos\STP Project\Carnival.Web\wwwroot\app\changePassword.component.js.map
C:\Users\Andrei\source\repos\STP Project\Carnival.Web\wwwroot\app\manage.component.js
C:\Users\Andrei\source\repos\STP Project\Carnival.Web\wwwroot\app\manage.component.js.map
C:\Users\Andrei\source\repos\STP Project\Carnival.Web\wwwroot\app\app.routing.js
C:\Users\Andrei\source\repos\STP Project\Carnival.Web\wwwroot\app\app.routing.js.map
C:\Users\Andrei\source\repos\STP Project\Carnival.Web\wwwroot\app\app.component.js
C:\Users\Andrei\source\repos\STP Project\Carnival.Web\wwwroot\app\app.component.js.map
C:\Users\Andrei\source\repos\STP Project\Carnival.Web\wwwroot\app\rxjs-operators.js
C:\Users\Andrei\source\repos\STP Project\Carnival.Web\wwwroot\app\rxjs-operators.js.map
C:\Users\Andrei\source\repos\STP Project\Carnival.Web\wwwroot\app\app.module.js
C:\Users\Andrei\source\repos\STP Project\Carnival.Web\wwwroot\app\app.module.js.map
C:\Users\Andrei\source\repos\STP Project\Carnival.Web\wwwroot\main.js
C:\Users\Andrei\source\repos\STP Project\Carnival.Web\wwwroot\main.js.map
C:\Users\Andrei\source\repos\STP Project\Carnival.Web\wwwroot\app\security\OpenIdDictToken.js
C:\Users\Andrei\source\repos\STP Project\Carnival.Web\wwwroot\app\security\OpenIdDictToken.js.map
C:\Users\Andrei\source\repos\STP Project\Carnival.Web\wwwroot\app\security\auth.service.js
C:\Users\Andrei\source\repos\STP Project\Carnival.Web\wwwroot\app\security\auth.service.js.map
C:\Users\Andrei\source\repos\STP Project\Carnival.Web\wwwroot\app\security\auth-guard.service.js
C:\Users\Andrei\source\repos\STP Project\Carnival.Web\wwwroot\app\security\auth-guard.service.js.map
C:\Users\Andrei\source\repos\STP Project\Carnival.Web\wwwroot\app\models\testData.js
C:\Users\Andrei\source\repos\STP Project\Carnival.Web\wwwroot\app\models\testData.js.map
C:\Users\Andrei\source\repos\STP Project\Carnival.Web\wwwroot\app\services\sampleData.service.js
C:\Users\Andrei\source\repos\STP Project\Carnival.Web\wwwroot\app\services\sampleData.service.js.map
C:\Users\Andrei\source\repos\STP Project\Carnival.Web\wwwroot\app\models\viewModelResponse.js
C:\Users\Andrei\source\repos\STP Project\Carnival.Web\wwwroot\app\models\viewModelResponse.js.map
C:\Users\Andrei\source\repos\STP Project\Carnival.Web\wwwroot\app\models\errorResponse.js
C:\Users\Andrei\source\repos\STP Project\Carnival.Web\wwwroot\app\models\errorResponse.js.map
C:\Users\Andrei\source\repos\STP Project\Carnival.Web\wwwroot\app\services\ErrorMessageService.js
C:\Users\Andrei\source\repos\STP Project\Carnival.Web\wwwroot\app\services\ErrorMessageService.js.map
C:\Users\Andrei\source\repos\STP Project\Carnival.Web\wwwroot\app\about.component.js
C:\Users\Andrei\source\repos\STP Project\Carnival.Web\wwwroot\app\about.component.js.map
C:\Users\Andrei\source\repos\STP Project\Carnival.Web\wwwroot\app\index.component.js
C:\Users\Andrei\source\repos\STP Project\Carnival.Web\wwwroot\app\index.component.js.map
C:\Users\Andrei\source\repos\STP Project\Carnival.Web\wwwroot\app\models\Profile.js
C:\Users\Andrei\source\repos\STP Project\Carnival.Web\wwwroot\app\models\Profile.js.map
C:\Users\Andrei\source\repos\STP Project\Carnival.Web\wwwroot\app\services\profile.service.js
C:\Users\Andrei\source\repos\STP Project\Carnival.Web\wwwroot\app\services\profile.service.js.map
C:\Users\Andrei\source\repos\STP Project\Carnival.Web\wwwroot\app\profile.component.js
C:\Users\Andrei\source\repos\STP Project\Carnival.Web\wwwroot\app\profile.component.js.map
C:\Users\Andrei\source\repos\STP Project\Carnival.Web\wwwroot\app\contact.component.js
C:\Users\Andrei\source\repos\STP Project\Carnival.Web\wwwroot\app\contact.component.js.map
C:\Users\Andrei\source\repos\STP Project\Carnival.Web\wwwroot\app\models\LoginViewModel.js
C:\Users\Andrei\source\repos\STP Project\Carnival.Web\wwwroot\app\models\LoginViewModel.js.map
C:\Users\Andrei\source\repos\STP Project\Carnival.Web\wwwroot\app\login.component.js
C:\Users\Andrei\source\repos\STP Project\Carnival.Web\wwwroot\app\login.component.js.map
C:\Users\Andrei\source\repos\STP Project\Carnival.Web\wwwroot\app\models\RegisterViewModel.js
C:\Users\Andrei\source\repos\STP Project\Carnival.Web\wwwroot\app\models\RegisterViewModel.js.map
C:\Users\Andrei\source\repos\STP Project\Carnival.Web\wwwroot\app\register.component.js
C:\Users\Andrei\source\repos\STP Project\Carnival.Web\wwwroot\app\register.component.js.map
C:\Users\Andrei\source\repos\STP Project\Carnival.Web\wwwroot\app\models\ChangePasswordViewModel.js
C:\Users\Andrei\source\repos\STP Project\Carnival.Web\wwwroot\app\models\ChangePasswordViewModel.js.map
C:\Users\Andrei\source\repos\STP Project\Carnival.Web\wwwroot\app\changePassword.component.js
C:\Users\Andrei\source\repos\STP Project\Carnival.Web\wwwroot\app\changePassword.component.js.map
C:\Users\Andrei\source\repos\STP Project\Carnival.Web\wwwroot\app\manage.component.js
C:\Users\Andrei\source\repos\STP Project\Carnival.Web\wwwroot\app\manage.component.js.map
C:\Users\Andrei\source\repos\STP Project\Carnival.Web\wwwroot\app\app.routing.js
C:\Users\Andrei\source\repos\STP Project\Carnival.Web\wwwroot\app\app.routing.js.map
C:\Users\Andrei\source\repos\STP Project\Carnival.Web\wwwroot\app\app.component.js
C:\Users\Andrei\source\repos\STP Project\Carnival.Web\wwwroot\app\app.component.js.map
C:\Users\Andrei\source\repos\STP Project\Carnival.Web\wwwroot\app\rxjs-operators.js
C:\Users\Andrei\source\repos\STP Project\Carnival.Web\wwwroot\app\rxjs-operators.js.map
C:\Users\Andrei\source\repos\STP Project\Carnival.Web\wwwroot\app\app.module.js
C:\Users\Andrei\source\repos\STP Project\Carnival.Web\wwwroot\app\app.module.js.map
C:\Users\Andrei\source\repos\STP Project\Carnival.Web\wwwroot\main.js
C:\Users\Andrei\source\repos\STP Project\Carnival.Web\wwwroot\main.js.map
C:\Users\Andrei\source\repos\STP Project\Carnival.Web\wwwroot\app\security\OpenIdDictToken.js
C:\Users\Andrei\source\repos\STP Project\Carnival.Web\wwwroot\app\security\OpenIdDictToken.js.map
C:\Users\Andrei\source\repos\STP Project\Carnival.Web\wwwroot\app\security\auth.service.js
C:\Users\Andrei\source\repos\STP Project\Carnival.Web\wwwroot\app\security\auth.service.js.map
C:\Users\Andrei\source\repos\STP Project\Carnival.Web\wwwroot\app\security\auth-guard.service.js
C:\Users\Andrei\source\repos\STP Project\Carnival.Web\wwwroot\app\security\auth-guard.service.js.map
C:\Users\Andrei\source\repos\STP Project\Carnival.Web\wwwroot\app\models\testData.js
C:\Users\Andrei\source\repos\STP Project\Carnival.Web\wwwroot\app\models\testData.js.map
C:\Users\Andrei\source\repos\STP Project\Carnival.Web\wwwroot\app\services\sampleData.service.js
C:\Users\Andrei\source\repos\STP Project\Carnival.Web\wwwroot\app\services\sampleData.service.js.map
C:\Users\Andrei\source\repos\STP Project\Carnival.Web\wwwroot\app\models\viewModelResponse.js
C:\Users\Andrei\source\repos\STP Project\Carnival.Web\wwwroot\app\models\viewModelResponse.js.map
C:\Users\Andrei\source\repos\STP Project\Carnival.Web\wwwroot\app\models\errorResponse.js
C:\Users\Andrei\source\repos\STP Project\Carnival.Web\wwwroot\app\models\errorResponse.js.map
C:\Users\Andrei\source\repos\STP Project\Carnival.Web\wwwroot\app\services\ErrorMessageService.js
C:\Users\Andrei\source\repos\STP Project\Carnival.Web\wwwroot\app\services\ErrorMessageService.js.map
C:\Users\Andrei\source\repos\STP Project\Carnival.Web\wwwroot\app\about.component.js
C:\Users\Andrei\source\repos\STP Project\Carnival.Web\wwwroot\app\about.component.js.map
C:\Users\Andrei\source\repos\STP Project\Carnival.Web\wwwroot\app\index.component.js
C:\Users\Andrei\source\repos\STP Project\Carnival.Web\wwwroot\app\index.component.js.map
C:\Users\Andrei\source\repos\STP Project\Carnival.Web\wwwroot\app\models\Profile.js
C:\Users\Andrei\source\repos\STP Project\Carnival.Web\wwwroot\app\models\Profile.js.map
C:\Users\Andrei\source\repos\STP Project\Carnival.Web\wwwroot\app\services\profile.service.js
C:\Users\Andrei\source\repos\STP Project\Carnival.Web\wwwroot\app\services\profile.service.js.map
C:\Users\Andrei\source\repos\STP Project\Carnival.Web\wwwroot\app\profile.component.js
C:\Users\Andrei\source\repos\STP Project\Carnival.Web\wwwroot\app\profile.component.js.map
C:\Users\Andrei\source\repos\STP Project\Carnival.Web\wwwroot\app\contact.component.js
C:\Users\Andrei\source\repos\STP Project\Carnival.Web\wwwroot\app\contact.component.js.map
C:\Users\Andrei\source\repos\STP Project\Carnival.Web\wwwroot\app\models\LoginViewModel.js
C:\Users\Andrei\source\repos\STP Project\Carnival.Web\wwwroot\app\models\LoginViewModel.js.map
C:\Users\Andrei\source\repos\STP Project\Carnival.Web\wwwroot\app\login.component.js
C:\Users\Andrei\source\repos\STP Project\Carnival.Web\wwwroot\app\login.component.js.map
C:\Users\Andrei\source\repos\STP Project\Carnival.Web\wwwroot\app\models\RegisterViewModel.js
C:\Users\Andrei\source\repos\STP Project\Carnival.Web\wwwroot\app\models\RegisterViewModel.js.map
C:\Users\Andrei\source\repos\STP Project\Carnival.Web\wwwroot\app\register.component.js
C:\Users\Andrei\source\repos\STP Project\Carnival.Web\wwwroot\app\register.component.js.map
C:\Users\Andrei\source\repos\STP Project\Carnival.Web\wwwroot\app\models\ChangePasswordViewModel.js
C:\Users\Andrei\source\repos\STP Project\Carnival.Web\wwwroot\app\models\ChangePasswordViewModel.js.map
C:\Users\Andrei\source\repos\STP Project\Carnival.Web\wwwroot\app\changePassword.component.js
C:\Users\Andrei\source\repos\STP Project\Carnival.Web\wwwroot\app\changePassword.component.js.map
C:\Users\Andrei\source\repos\STP Project\Carnival.Web\wwwroot\app\manage.component.js
C:\Users\Andrei\source\repos\STP Project\Carnival.Web\wwwroot\app\manage.component.js.map
C:\Users\Andrei\source\repos\STP Project\Carnival.Web\wwwroot\app\app.routing.js
C:\Users\Andrei\source\repos\STP Project\Carnival.Web\wwwroot\app\app.routing.js.map
C:\Users\Andrei\source\repos\STP Project\Carnival.Web\wwwroot\app\app.component.js
C:\Users\Andrei\source\repos\STP Project\Carnival.Web\wwwroot\app\app.component.js.map
C:\Users\Andrei\source\repos\STP Project\Carnival.Web\wwwroot\app\rxjs-operators.js
C:\Users\Andrei\source\repos\STP Project\Carnival.Web\wwwroot\app\rxjs-operators.js.map
C:\Users\Andrei\source\repos\STP Project\Carnival.Web\wwwroot\app\app.module.js
C:\Users\Andrei\source\repos\STP Project\Carnival.Web\wwwroot\app\app.module.js.map
C:\Users\Andrei\source\repos\STP Project\Carnival.Web\wwwroot\main.js
C:\Users\Andrei\source\repos\STP Project\Carnival.Web\wwwroot\main.js.map
